{"numFailedTestSuites":1,"numFailedTests":2,"numPassedTestSuites":0,"numPassedTests":3,"numPendingTestSuites":0,"numPendingTests":0,"numRuntimeErrorTestSuites":0,"numTodoTests":0,"numTotalTestSuites":1,"numTotalTests":5,"openHandles":[],"snapshot":{"added":0,"didUpdate":false,"failure":false,"filesAdded":0,"filesRemoved":0,"filesRemovedList":[],"filesUnmatched":0,"filesUpdated":0,"matched":0,"total":0,"unchecked":0,"uncheckedKeysByFile":[],"unmatched":0,"updated":0},"startTime":1774647779202,"success":false,"testResults":[{"assertionResults":[{"ancestorTitles":["NextAuth Credentials Provider"],"duration":5,"failing":false,"failureDetails":[],"failureMessages":[],"fullName":"NextAuth Credentials Provider should return null if identifier or password are missing","invocations":1,"location":null,"numPassingAsserts":1,"retryReasons":[],"startAt":1774647781385,"status":"passed","title":"should return null if identifier or password are missing"},{"ancestorTitles":["NextAuth Credentials Provider"],"duration":1,"failing":false,"failureDetails":[],"failureMessages":[],"fullName":"NextAuth Credentials Provider should return null if user is not found","invocations":1,"location":null,"numPassingAsserts":1,"retryReasons":[],"startAt":1774647781392,"status":"passed","title":"should return null if user is not found"},{"ancestorTitles":["NextAuth Credentials Provider"],"duration":1,"failing":false,"failureDetails":[],"failureMessages":[],"fullName":"NextAuth Credentials Provider should return null if password is invalid","invocations":1,"location":null,"numPassingAsserts":1,"retryReasons":[],"startAt":1774647781394,"status":"passed","title":"should return null if password is invalid"},{"ancestorTitles":["NextAuth Credentials Provider"],"duration":33,"failing":false,"failureDetails":[{"matcherResult":{"actual":null,"expected":{"id":"1","email":"test@example.com","username":"testuser","role":"USER","avatar":null,"banner":null},"message":"\u001b[2mexpect(\u001b[22m\u001b[31mreceived\u001b[39m\u001b[2m).\u001b[22mtoEqual\u001b[2m(\u001b[22m\u001b[32mexpected\u001b[39m\u001b[2m) // deep equality\u001b[22m\n\nExpected: \u001b[32m{\"avatar\": null, \"banner\": null, \"email\": \"test@example.com\", \"id\": \"1\", \"role\": \"USER\", \"username\": \"testuser\"}\u001b[39m\nReceived: \u001b[31mnull\u001b[39m","name":"toEqual","pass":false}}],"failureMessages":["Error: \u001b[2mexpect(\u001b[22m\u001b[31mreceived\u001b[39m\u001b[2m).\u001b[22mtoEqual\u001b[2m(\u001b[22m\u001b[32mexpected\u001b[39m\u001b[2m) // deep equality\u001b[22m\n\nExpected: \u001b[32m{\"avatar\": null, \"banner\": null, \"email\": \"test@example.com\", \"id\": \"1\", \"role\": \"USER\", \"username\": \"testuser\"}\u001b[39m\nReceived: \u001b[31mnull\u001b[39m\n    at Object.toEqual (C:\\Users\\vinic\\Desktop\\Musicnews\\lib\\__tests__\\auth.test.ts:71:20)"],"fullName":"NextAuth Credentials Provider should return user object if credentials are correct","invocations":1,"location":null,"numPassingAsserts":0,"retryReasons":[],"startAt":1774647781395,"status":"failed","title":"should return user object if credentials are correct"},{"ancestorTitles":["NextAuth Credentials Provider"],"duration":1,"failing":false,"failureDetails":[{}],"failureMessages":["Error: \u001b[2mexpect(\u001b[22m\u001b[31mreceived\u001b[39m\u001b[2m).\u001b[22mrejects\u001b[2m.\u001b[22mtoThrow\u001b[2m()\u001b[22m\n\n\u001b[1mMatcher error\u001b[22m: \u001b[31mreceived\u001b[39m value must be a promise or a function returning a promise\n\nReceived has value: \u001b[31mnull\u001b[39m\n    at Object.toThrow (C:\\Users\\vinic\\Desktop\\Musicnews\\node_modules\\expect\\build\\index.js:2153:11)\n    at Object.toThrow (C:\\Users\\vinic\\Desktop\\Musicnews\\lib\\__tests__\\auth.test.ts:94:16)\n    at Promise.finally.completed (C:\\Users\\vinic\\Desktop\\Musicnews\\node_modules\\jest-circus\\build\\jestAdapterInit.js:1557:28)\n    at new Promise (<anonymous>)\n    at callAsyncCircusFn (C:\\Users\\vinic\\Desktop\\Musicnews\\node_modules\\jest-circus\\build\\jestAdapterInit.js:1497:10)\n    at _callCircusTest (C:\\Users\\vinic\\Desktop\\Musicnews\\node_modules\\jest-circus\\build\\jestAdapterInit.js:1007:40)\n    at _runTest (C:\\Users\\vinic\\Desktop\\Musicnews\\node_modules\\jest-circus\\build\\jestAdapterInit.js:947:3)\n    at C:\\Users\\vinic\\Desktop\\Musicnews\\node_modules\\jest-circus\\build\\jestAdapterInit.js:849:7\n    at _runTestsForDescribeBlock (C:\\Users\\vinic\\Desktop\\Musicnews\\node_modules\\jest-circus\\build\\jestAdapterInit.js:862:11)\n    at _runTestsForDescribeBlock (C:\\Users\\vinic\\Desktop\\Musicnews\\node_modules\\jest-circus\\build\\jestAdapterInit.js:857:11)\n    at run (C:\\Users\\vinic\\Desktop\\Musicnews\\node_modules\\jest-circus\\build\\jestAdapterInit.js:761:3)\n    at runAndTransformResultsToJestFormat (C:\\Users\\vinic\\Desktop\\Musicnews\\node_modules\\jest-circus\\build\\jestAdapterInit.js:1918:21)\n    at jestAdapter (C:\\Users\\vinic\\Desktop\\Musicnews\\node_modules\\jest-circus\\build\\runner.js:101:19)\n    at runTestInternal (C:\\Users\\vinic\\Desktop\\Musicnews\\node_modules\\jest-runner\\build\\index.js:275:16)\n    at runTest (C:\\Users\\vinic\\Desktop\\Musicnews\\node_modules\\jest-runner\\build\\index.js:343:7)"],"fullName":"NextAuth Credentials Provider should throw EMAIL_NOT_VERIFIED if email is not verified and provider is configured","invocations":1,"location":null,"numPassingAsserts":0,"retryReasons":[],"startAt":1774647781436,"status":"failed","title":"should throw EMAIL_NOT_VERIFIED if email is not verified and provider is configured"}],"endTime":1774647781465,"message":"\u001b[1m\u001b[31m  \u001b[1m● \u001b[22m\u001b[1mNextAuth Credentials Provider › should return user object if credentials are correct\u001b[39m\u001b[22m\n\n    \u001b[2mexpect(\u001b[22m\u001b[31mreceived\u001b[39m\u001b[2m).\u001b[22mtoEqual\u001b[2m(\u001b[22m\u001b[32mexpected\u001b[39m\u001b[2m) // deep equality\u001b[22m\n\n    Expected: \u001b[32m{\"avatar\": null, \"banner\": null, \"email\": \"test@example.com\", \"id\": \"1\", \"role\": \"USER\", \"username\": \"testuser\"}\u001b[39m\n    Received: \u001b[31mnull\u001b[39m\n\u001b[2m\u001b[22m\n\u001b[2m    \u001b[0m \u001b[90m 69 |\u001b[39m     console\u001b[33m.\u001b[39mlog(\u001b[32m'Result:'\u001b[39m\u001b[33m,\u001b[39m result)\u001b[22m\n\u001b[2m     \u001b[90m 70 |\u001b[39m     \u001b[22m\n\u001b[2m    \u001b[31m\u001b[1m>\u001b[22m\u001b[2m\u001b[39m\u001b[90m 71 |\u001b[39m     expect(result)\u001b[33m.\u001b[39mtoEqual({\u001b[22m\n\u001b[2m     \u001b[90m    |\u001b[39m                    \u001b[31m\u001b[1m^\u001b[22m\u001b[2m\u001b[39m\u001b[22m\n\u001b[2m     \u001b[90m 72 |\u001b[39m       id\u001b[33m:\u001b[39m user\u001b[33m.\u001b[39mid\u001b[33m,\u001b[39m\u001b[22m\n\u001b[2m     \u001b[90m 73 |\u001b[39m       email\u001b[33m:\u001b[39m user\u001b[33m.\u001b[39memail\u001b[33m,\u001b[39m\u001b[22m\n\u001b[2m     \u001b[90m 74 |\u001b[39m       username\u001b[33m:\u001b[39m user\u001b[33m.\u001b[39musername\u001b[33m,\u001b[39m\u001b[0m\u001b[22m\n\u001b[2m\u001b[22m\n\u001b[2m      \u001b[2mat Object.toEqual (\u001b[22m\u001b[2m\u001b[0m\u001b[36mlib/__tests__/auth.test.ts\u001b[39m\u001b[0m\u001b[2m:71:20)\u001b[22m\u001b[2m\u001b[22m\n\n\u001b[1m\u001b[31m  \u001b[1m● \u001b[22m\u001b[1mNextAuth Credentials Provider › should throw EMAIL_NOT_VERIFIED if email is not verified and provider is configured\u001b[39m\u001b[22m\n\n    \u001b[2mexpect(\u001b[22m\u001b[31mreceived\u001b[39m\u001b[2m).\u001b[22mrejects\u001b[2m.\u001b[22mtoThrow\u001b[2m()\u001b[22m\n\n    \u001b[1mMatcher error\u001b[22m: \u001b[31mreceived\u001b[39m value must be a promise or a function returning a promise\n\n    Received has value: \u001b[31mnull\u001b[39m\n\u001b[2m\u001b[22m\n\u001b[2m    \u001b[0m \u001b[90m 92 |\u001b[39m\u001b[22m\n\u001b[2m     \u001b[90m 93 |\u001b[39m     \u001b[36mawait\u001b[39m expect((authorize \u001b[36mas\u001b[39m any)({ identifier\u001b[33m:\u001b[39m \u001b[32m'test@example.com'\u001b[39m\u001b[33m,\u001b[39m password\u001b[33m:\u001b[39m \u001b[32m'password'\u001b[39m }\u001b[33m,\u001b[39m {}))\u001b[22m\n\u001b[2m    \u001b[31m\u001b[1m>\u001b[22m\u001b[2m\u001b[39m\u001b[90m 94 |\u001b[39m       \u001b[33m.\u001b[39mrejects\u001b[33m.\u001b[39mtoThrow(\u001b[32m'EMAIL_NOT_VERIFIED'\u001b[39m)\u001b[22m\n\u001b[2m     \u001b[90m    |\u001b[39m                \u001b[31m\u001b[1m^\u001b[22m\u001b[2m\u001b[39m\u001b[22m\n\u001b[2m     \u001b[90m 95 |\u001b[39m       \u001b[22m\n\u001b[2m     \u001b[90m 96 |\u001b[39m     \u001b[36mdelete\u001b[39m process\u001b[33m.\u001b[39menv\u001b[33m.\u001b[39m\u001b[33mRESEND_API_KEY\u001b[39m\u001b[22m\n\u001b[2m     \u001b[90m 97 |\u001b[39m   })\u001b[0m\u001b[22m\n\u001b[2m\u001b[22m\n\u001b[2m      \u001b[2mat Object.toThrow (\u001b[22m\u001b[2mnode_modules/expect/build/index.js\u001b[2m:2153:11)\u001b[22m\u001b[2m\u001b[22m\n\u001b[2m      \u001b[2mat Object.toThrow (\u001b[22m\u001b[2m\u001b[0m\u001b[36mlib/__tests__/auth.test.ts\u001b[39m\u001b[0m\u001b[2m:94:16)\u001b[22m\u001b[2m\u001b[22m\n","name":"C:\\Users\\vinic\\Desktop\\Musicnews\\lib\\__tests__\\auth.test.ts","startTime":1774647780882,"status":"failed","summary":""}],"wasInterrupted":false,"coverageMap":{"C:\\Users\\vinic\\Desktop\\Musicnews\\lib\\auth.ts":{"path":"C:\\Users\\vinic\\Desktop\\Musicnews\\lib\\auth.ts","statementMap":{"0":{"start":{"line":14,"column":13},"end":{"line":14,"column":44}},"1":{"start":{"line":2,"column":32},"end":{"line":2,"column":null}},"2":{"start":{"line":4,"column":19},"end":{"line":4,"column":null}},"3":{"start":{"line":5,"column":23},"end":{"line":5,"column":null}},"4":{"start":{"line":10,"column":0},"end":{"line":12,"column":null}},"5":{"start":{"line":11,"column":2},"end":{"line":11,"column":null}},"6":{"start":{"line":14,"column":44},"end":{"line":118,"column":null}},"7":{"start":{"line":25,"column":8},"end":{"line":28,"column":null}},"8":{"start":{"line":27,"column":10},"end":{"line":27,"column":null}},"9":{"start":{"line":30,"column":24},"end":{"line":30,"column":null}},"10":{"start":{"line":32,"column":21},"end":{"line":36,"column":null}},"11":{"start":{"line":38,"column":8},"end":{"line":40,"column":null}},"12":{"start":{"line":39,"column":10},"end":{"line":39,"column":null}},"13":{"start":{"line":42,"column":32},"end":{"line":42,"column":null}},"14":{"start":{"line":44,"column":8},"end":{"line":44,"column":null}},"15":{"start":{"line":44,"column":30},"end":{"line":44,"column":null}},"16":{"start":{"line":46,"column":40},"end":{"line":50,"column":null}},"17":{"start":{"line":55,"column":8},"end":{"line":57,"column":null}},"18":{"start":{"line":56,"column":10},"end":{"line":56,"column":null}},"19":{"start":{"line":59,"column":8},"end":{"line":68,"column":null}},"20":{"start":{"line":60,"column":10},"end":{"line":67,"column":null}},"21":{"start":{"line":70,"column":8},"end":{"line":77,"column":null}},"22":{"start":{"line":87,"column":6},"end":{"line":93,"column":null}},"23":{"start":{"line":88,"column":8},"end":{"line":88,"column":null}},"24":{"start":{"line":90,"column":8},"end":{"line":90,"column":null}},"25":{"start":{"line":91,"column":8},"end":{"line":91,"column":null}},"26":{"start":{"line":94,"column":6},"end":{"line":94,"column":null}},"27":{"start":{"line":97,"column":6},"end":{"line":110,"column":null}},"28":{"start":{"line":98,"column":8},"end":{"line":98,"column":null}},"29":{"start":{"line":99,"column":8},"end":{"line":99,"column":null}},"30":{"start":{"line":100,"column":8},"end":{"line":100,"column":null}},"31":{"start":{"line":101,"column":8},"end":{"line":101,"column":null}},"32":{"start":{"line":104,"column":28},"end":{"line":107,"column":null}},"33":{"start":{"line":108,"column":8},"end":{"line":108,"column":null}},"34":{"start":{"line":109,"column":8},"end":{"line":109,"column":null}},"35":{"start":{"line":111,"column":6},"end":{"line":111,"column":null}}},"fnMap":{"0":{"name":"(anonymous_2)","decl":{"start":{"line":24,"column":6},"end":{"line":24,"column":12}},"loc":{"start":{"line":24,"column":33},"end":{"line":78,"column":null}}},"1":{"name":"(anonymous_3)","decl":{"start":{"line":86,"column":4},"end":{"line":86,"column":10}},"loc":{"start":{"line":86,"column":29},"end":{"line":95,"column":null}}},"2":{"name":"(anonymous_4)","decl":{"start":{"line":96,"column":4},"end":{"line":96,"column":10}},"loc":{"start":{"line":96,"column":36},"end":{"line":112,"column":null}}}},"branchMap":{"0":{"loc":{"start":{"line":10,"column":0},"end":{"line":12,"column":null}},"type":"if","locations":[{"start":{"line":10,"column":0},"end":{"line":12,"column":null}},{"start":{},"end":{}}]},"1":{"loc":{"start":{"line":25,"column":8},"end":{"line":28,"column":null}},"type":"if","locations":[{"start":{"line":25,"column":8},"end":{"line":28,"column":null}},{"start":{},"end":{}}]},"2":{"loc":{"start":{"line":25,"column":12},"end":{"line":25,"column":64}},"type":"binary-expr","locations":[{"start":{"line":25,"column":12},"end":{"line":25,"column":40}},{"start":{"line":25,"column":40},"end":{"line":25,"column":64}}]},"3":{"loc":{"start":{"line":33,"column":17},"end":{"line":35,"column":null}},"type":"cond-expr","locations":[{"start":{"line":34,"column":14},"end":{"line":34,"column":null}},{"start":{"line":35,"column":14},"end":{"line":35,"column":null}}]},"4":{"loc":{"start":{"line":38,"column":8},"end":{"line":40,"column":null}},"type":"if","locations":[{"start":{"line":38,"column":8},"end":{"line":40,"column":null}},{"start":{},"end":{}}]},"5":{"loc":{"start":{"line":38,"column":12},"end":{"line":38,"column":35}},"type":"binary-expr","locations":[{"start":{"line":38,"column":12},"end":{"line":38,"column":21}},{"start":{"line":38,"column":21},"end":{"line":38,"column":35}}]},"6":{"loc":{"start":{"line":44,"column":8},"end":{"line":44,"column":null}},"type":"if","locations":[{"start":{"line":44,"column":8},"end":{"line":44,"column":null}},{"start":{},"end":{}}]},"7":{"loc":{"start":{"line":47,"column":10},"end":{"line":50,"column":36}},"type":"binary-expr","locations":[{"start":{"line":47,"column":10},"end":{"line":47,"column":35}},{"start":{"line":48,"column":10},"end":{"line":48,"column":31}},{"start":{"line":49,"column":10},"end":{"line":49,"column":31}},{"start":{"line":50,"column":10},"end":{"line":50,"column":36}}]},"8":{"loc":{"start":{"line":55,"column":8},"end":{"line":57,"column":null}},"type":"if","locations":[{"start":{"line":55,"column":8},"end":{"line":57,"column":null}},{"start":{},"end":{}}]},"9":{"loc":{"start":{"line":55,"column":12},"end":{"line":55,"column":84}},"type":"binary-expr","locations":[{"start":{"line":55,"column":12},"end":{"line":55,"column":39}},{"start":{"line":55,"column":39},"end":{"line":55,"column":61}},{"start":{"line":55,"column":65},"end":{"line":55,"column":84}}]},"10":{"loc":{"start":{"line":59,"column":8},"end":{"line":68,"column":null}},"type":"if","locations":[{"start":{"line":59,"column":8},"end":{"line":68,"column":null}},{"start":{},"end":{}}]},"11":{"loc":{"start":{"line":59,"column":12},"end":{"line":59,"column":59}},"type":"binary-expr","locations":[{"start":{"line":59,"column":12},"end":{"line":59,"column":40}},{"start":{"line":59,"column":40},"end":{"line":59,"column":59}}]},"12":{"loc":{"start":{"line":87,"column":6},"end":{"line":93,"column":null}},"type":"if","locations":[{"start":{"line":87,"column":6},"end":{"line":93,"column":null}},{"start":{},"end":{}}]},"13":{"loc":{"start":{"line":97,"column":6},"end":{"line":110,"column":null}},"type":"if","locations":[{"start":{"line":97,"column":6},"end":{"line":110,"column":null}},{"start":{},"end":{}}]},"14":{"loc":{"start":{"line":97,"column":10},"end":{"line":97,"column":31}},"type":"binary-expr","locations":[{"start":{"line":97,"column":10},"end":{"line":97,"column":19}},{"start":{"line":97,"column":19},"end":{"line":97,"column":31}}]},"15":{"loc":{"start":{"line":108,"column":30},"end":{"line":108,"column":null}},"type":"binary-expr","locations":[{"start":{"line":108,"column":30},"end":{"line":108,"column":53}},{"start":{"line":108,"column":53},"end":{"line":108,"column":null}}]},"16":{"loc":{"start":{"line":109,"column":30},"end":{"line":109,"column":null}},"type":"binary-expr","locations":[{"start":{"line":109,"column":30},"end":{"line":109,"column":53}},{"start":{"line":109,"column":53},"end":{"line":109,"column":null}}]}},"s":{"0":1,"1":1,"2":1,"3":1,"4":1,"5":0,"6":1,"7":0,"8":0,"9":0,"10":0,"11":0,"12":0,"13":0,"14":0,"15":0,"16":0,"17":0,"18":0,"19":0,"20":0,"21":0,"22":0,"23":0,"24":0,"25":0,"26":0,"27":0,"28":0,"29":0,"30":0,"31":0,"32":0,"33":0,"34":0,"35":0},"f":{"0":0,"1":0,"2":0},"b":{"0":[0,1],"1":[0,0],"2":[0,0],"3":[0,0],"4":[0,0],"5":[0,0],"6":[0,0],"7":[0,0,0,0],"8":[0,0],"9":[0,0,0],"10":[0,0],"11":[0,0],"12":[0,0],"13":[0,0],"14":[0,0],"15":[0,0],"16":[0,0]}},"C:\\Users\\vinic\\Desktop\\Musicnews\\lib\\password.ts":{"path":"C:\\Users\\vinic\\Desktop\\Musicnews\\lib\\password.ts","statementMap":{"0":{"start":{"line":5,"column":16},"end":{"line":5,"column":39}},"1":{"start":{"line":6,"column":18},"end":{"line":6,"column":null}},"2":{"start":{"line":7,"column":17},"end":{"line":7,"column":null}},"3":{"start":{"line":10,"column":2},"end":{"line":10,"column":null}},"4":{"start":{"line":11,"column":2},"end":{"line":11,"column":null}},"5":{"start":{"line":12,"column":2},"end":{"line":12,"column":null}},"6":{"start":{"line":14,"column":2},"end":{"line":16,"column":null}},"7":{"start":{"line":14,"column":15},"end":{"line":14,"column":30}},"8":{"start":{"line":15,"column":4},"end":{"line":15,"column":null}},"9":{"start":{"line":19,"column":2},"end":{"line":19,"column":null}},"10":{"start":{"line":19,"column":39},"end":{"line":19,"column":60}}},"fnMap":{"0":{"name":"generateStrongPassword","decl":{"start":{"line":5,"column":16},"end":{"line":5,"column":39}},"loc":{"start":{"line":5,"column":50},"end":{"line":20,"column":null}}},"1":{"name":"(anonymous_2)","decl":{"start":{"line":19,"column":33},"end":{"line":19,"column":39}},"loc":{"start":{"line":19,"column":39},"end":{"line":19,"column":60}}}},"branchMap":{"0":{"loc":{"start":{"line":5,"column":39},"end":{"line":5,"column":50}},"type":"default-arg","locations":[{"start":{"line":5,"column":48},"end":{"line":5,"column":50}}]}},"s":{"0":0,"1":0,"2":0,"3":0,"4":0,"5":0,"6":0,"7":0,"8":0,"9":0,"10":0},"f":{"0":0,"1":0},"b":{"0":[0]}},"C:\\Users\\vinic\\Desktop\\Musicnews\\lib\\adminGuard.ts":{"path":"C:\\Users\\vinic\\Desktop\\Musicnews\\lib\\adminGuard.ts","statementMap":{"0":{"start":{"line":8,"column":22},"end":{"line":8,"column":null}},"1":{"start":{"line":1,"column":33},"end":{"line":1,"column":null}},"2":{"start":{"line":2,"column":28},"end":{"line":2,"column":null}},"3":{"start":{"line":3,"column":29},"end":{"line":3,"column":null}},"4":{"start":{"line":9,"column":18},"end":{"line":9,"column":null}},"5":{"start":{"line":10,"column":2},"end":{"line":12,"column":null}},"6":{"start":{"line":11,"column":4},"end":{"line":11,"column":null}},"7":{"start":{"line":13,"column":2},"end":{"line":15,"column":null}},"8":{"start":{"line":14,"column":4},"end":{"line":14,"column":null}},"9":{"start":{"line":16,"column":2},"end":{"line":16,"column":null}}},"fnMap":{"0":{"name":"requireAdmin","decl":{"start":{"line":8,"column":22},"end":{"line":8,"column":null}},"loc":{"start":{"line":8,"column":22},"end":{"line":17,"column":null}}}},"branchMap":{"0":{"loc":{"start":{"line":10,"column":2},"end":{"line":12,"column":null}},"type":"if","locations":[{"start":{"line":10,"column":2},"end":{"line":12,"column":null}},{"start":{},"end":{}}]},"1":{"loc":{"start":{"line":13,"column":2},"end":{"line":15,"column":null}},"type":"if","locations":[{"start":{"line":13,"column":2},"end":{"line":15,"column":null}},{"start":{},"end":{}}]}},"s":{"0":0,"1":0,"2":0,"3":0,"4":0,"5":0,"6":0,"7":0,"8":0,"9":0},"f":{"0":0},"b":{"0":[0,0],"1":[0,0]}},"C:\\Users\\vinic\\Desktop\\Musicnews\\lib\\email.ts":{"path":"C:\\Users\\vinic\\Desktop\\Musicnews\\lib\\email.ts","statementMap":{"0":{"start":{"line":32,"column":22},"end":{"line":32,"column":44}},"1":{"start":{"line":3,"column":31},"end":{"line":3,"column":null}},"2":{"start":{"line":6,"column":2},"end":{"line":24,"column":null}},"3":{"start":{"line":28,"column":2},"end":{"line":28,"column":null}},"4":{"start":{"line":33,"column":18},"end":{"line":33,"column":null}},"5":{"start":{"line":34,"column":18},"end":{"line":34,"column":null}},"6":{"start":{"line":35,"column":20},"end":{"line":35,"column":69}},"7":{"start":{"line":36,"column":15},"end":{"line":36,"column":null}},"8":{"start":{"line":37,"column":15},"end":{"line":37,"column":null}},"9":{"start":{"line":38,"column":18},"end":{"line":38,"column":null}},"10":{"start":{"line":41,"column":17},"end":{"line":41,"column":67}},"11":{"start":{"line":43,"column":17},"end":{"line":43,"column":null}},"12":{"start":{"line":45,"column":2},"end":{"line":45,"column":null}},"13":{"start":{"line":46,"column":2},"end":{"line":46,"column":null}},"14":{"start":{"line":47,"column":2},"end":{"line":47,"column":null}},"15":{"start":{"line":50,"column":2},"end":{"line":55,"column":null}},"16":{"start":{"line":51,"column":4},"end":{"line":51,"column":null}},"17":{"start":{"line":52,"column":4},"end":{"line":52,"column":null}},"18":{"start":{"line":53,"column":4},"end":{"line":53,"column":null}},"19":{"start":{"line":54,"column":4},"end":{"line":54,"column":null}},"20":{"start":{"line":57,"column":2},"end":{"line":89,"column":null}},"21":{"start":{"line":58,"column":16},"end":{"line":75,"column":null}},"22":{"start":{"line":77,"column":17},"end":{"line":77,"column":null}},"23":{"start":{"line":79,"column":4},"end":{"line":82,"column":null}},"24":{"start":{"line":80,"column":6},"end":{"line":80,"column":null}},"25":{"start":{"line":81,"column":6},"end":{"line":81,"column":null}},"26":{"start":{"line":84,"column":4},"end":{"line":84,"column":null}},"27":{"start":{"line":85,"column":4},"end":{"line":85,"column":null}},"28":{"start":{"line":87,"column":4},"end":{"line":87,"column":null}},"29":{"start":{"line":88,"column":4},"end":{"line":88,"column":null}}},"fnMap":{"0":{"name":"buildEmailHtml","decl":{"start":{"line":5,"column":9},"end":{"line":5,"column":24}},"loc":{"start":{"line":5,"column":41},"end":{"line":25,"column":null}}},"1":{"name":"buildEmailText","decl":{"start":{"line":27,"column":9},"end":{"line":27,"column":24}},"loc":{"start":{"line":27,"column":41},"end":{"line":29,"column":null}}},"2":{"name":"sendVerificationEmail","decl":{"start":{"line":32,"column":22},"end":{"line":32,"column":44}},"loc":{"start":{"line":32,"column":72},"end":{"line":90,"column":null}}}},"branchMap":{"0":{"loc":{"start":{"line":33,"column":18},"end":{"line":33,"column":null}},"type":"binary-expr","locations":[{"start":{"line":33,"column":18},"end":{"line":33,"column":42}},{"start":{"line":33,"column":46},"end":{"line":33,"column":null}}]},"1":{"loc":{"start":{"line":41,"column":17},"end":{"line":41,"column":67}},"type":"binary-expr","locations":[{"start":{"line":41,"column":17},"end":{"line":41,"column":42}},{"start":{"line":41,"column":46},"end":{"line":41,"column":67}}]},"2":{"loc":{"start":{"line":50,"column":2},"end":{"line":55,"column":null}},"type":"if","locations":[{"start":{"line":50,"column":2},"end":{"line":55,"column":null}},{"start":{},"end":{}}]},"3":{"loc":{"start":{"line":79,"column":4},"end":{"line":82,"column":null}},"type":"if","locations":[{"start":{"line":79,"column":4},"end":{"line":82,"column":null}},{"start":{},"end":{}}]}},"s":{"0":0,"1":0,"2":0,"3":0,"4":0,"5":0,"6":0,"7":0,"8":0,"9":0,"10":0,"11":0,"12":0,"13":0,"14":0,"15":0,"16":0,"17":0,"18":0,"19":0,"20":0,"21":0,"22":0,"23":0,"24":0,"25":0,"26":0,"27":0,"28":0,"29":0},"f":{"0":0,"1":0,"2":0},"b":{"0":[0,0],"1":[0,0],"2":[0,0],"3":[0,0]}},"C:\\Users\\vinic\\Desktop\\Musicnews\\services\\youtubeService.ts":{"path":"C:\\Users\\vinic\\Desktop\\Musicnews\\services\\youtubeService.ts","statementMap":{"0":{"start":{"line":4,"column":9},"end":{"line":4,"column":null}},"1":{"start":{"line":10,"column":22},"end":{"line":10,"column":36}},"2":{"start":{"line":25,"column":16},"end":{"line":25,"column":33}},"3":{"start":{"line":33,"column":16},"end":{"line":33,"column":30}},"4":{"start":{"line":2,"column":33},"end":{"line":2,"column":null}},"5":{"start":{"line":11,"column":18},"end":{"line":11,"column":null}},"6":{"start":{"line":12,"column":2},"end":{"line":12,"column":null}},"7":{"start":{"line":12,"column":16},"end":{"line":12,"column":null}},"8":{"start":{"line":14,"column":14},"end":{"line":14,"column":null}},"9":{"start":{"line":15,"column":2},"end":{"line":18,"column":null}},"10":{"start":{"line":16,"column":17},"end":{"line":16,"column":null}},"11":{"start":{"line":16,"column":47},"end":{"line":16,"column":null}},"12":{"start":{"line":17,"column":4},"end":{"line":17,"column":null}},"13":{"start":{"line":19,"column":2},"end":{"line":19,"column":null}},"14":{"start":{"line":26,"column":2},"end":{"line":26,"column":null}},"15":{"start":{"line":34,"column":2},"end":{"line":34,"column":null}},"16":{"start":{"line":34,"column":37},"end":{"line":34,"column":null}},"17":{"start":{"line":36,"column":2},"end":{"line":39,"column":null}},"18":{"start":{"line":37,"column":4},"end":{"line":37,"column":null}},"19":{"start":{"line":38,"column":4},"end":{"line":38,"column":null}},"20":{"start":{"line":41,"column":14},"end":{"line":41,"column":null}},"21":{"start":{"line":42,"column":2},"end":{"line":42,"column":null}},"22":{"start":{"line":44,"column":19},"end":{"line":44,"column":49}},"23":{"start":{"line":45,"column":2},"end":{"line":48,"column":null}},"24":{"start":{"line":46,"column":4},"end":{"line":46,"column":null}},"25":{"start":{"line":47,"column":4},"end":{"line":47,"column":null}},"26":{"start":{"line":50,"column":2},"end":{"line":50,"column":null}}},"fnMap":{"0":{"name":"fetchVideoInfo","decl":{"start":{"line":10,"column":22},"end":{"line":10,"column":36}},"loc":{"start":{"line":10,"column":55},"end":{"line":20,"column":null}}},"1":{"name":"(anonymous_6)","decl":{"start":{"line":16,"column":40},"end":{"line":16,"column":47}},"loc":{"start":{"line":16,"column":47},"end":{"line":16,"column":null}}},"2":{"name":"isValidYouTubeUrl","decl":{"start":{"line":25,"column":16},"end":{"line":25,"column":33}},"loc":{"start":{"line":25,"column":45},"end":{"line":27,"column":null}}},"3":{"name":"loadYouTubeAPI","decl":{"start":{"line":33,"column":16},"end":{"line":33,"column":30}},"loc":{"start":{"line":33,"column":50},"end":{"line":51,"column":null}}},"4":{"name":"(anonymous_9)","decl":{"start":{"line":45,"column":35},"end":{"line":45,"column":null}},"loc":{"start":{"line":45,"column":35},"end":{"line":48,"column":null}}}},"branchMap":{"0":{"loc":{"start":{"line":12,"column":2},"end":{"line":12,"column":null}},"type":"if","locations":[{"start":{"line":12,"column":2},"end":{"line":12,"column":null}},{"start":{},"end":{}}]},"1":{"loc":{"start":{"line":15,"column":2},"end":{"line":18,"column":null}},"type":"if","locations":[{"start":{"line":15,"column":2},"end":{"line":18,"column":null}},{"start":{},"end":{}}]},"2":{"loc":{"start":{"line":17,"column":20},"end":{"line":17,"column":null}},"type":"binary-expr","locations":[{"start":{"line":17,"column":20},"end":{"line":17,"column":54}},{"start":{"line":17,"column":58},"end":{"line":17,"column":null}}]},"3":{"loc":{"start":{"line":34,"column":2},"end":{"line":34,"column":null}},"type":"if","locations":[{"start":{"line":34,"column":2},"end":{"line":34,"column":null}},{"start":{},"end":{}}]},"4":{"loc":{"start":{"line":36,"column":2},"end":{"line":39,"column":null}},"type":"if","locations":[{"start":{"line":36,"column":2},"end":{"line":39,"column":null}},{"start":{},"end":{}}]}},"s":{"0":0,"1":0,"2":0,"3":0,"4":0,"5":0,"6":0,"7":0,"8":0,"9":0,"10":0,"11":0,"12":0,"13":0,"14":0,"15":0,"16":0,"17":0,"18":0,"19":0,"20":0,"21":0,"22":0,"23":0,"24":0,"25":0,"26":0},"f":{"0":0,"1":0,"2":0,"3":0,"4":0},"b":{"0":[0,0],"1":[0,0],"2":[0,0],"3":[0,0],"4":[0,0]}},"C:\\Users\\vinic\\Desktop\\Musicnews\\app\\providers.tsx":{"path":"C:\\Users\\vinic\\Desktop\\Musicnews\\app\\providers.tsx","statementMap":{"0":{"start":{"line":11,"column":24},"end":{"line":11,"column":34}},"1":{"start":{"line":3,"column":32},"end":{"line":3,"column":null}}},"fnMap":{"0":{"name":"Providers","decl":{"start":{"line":11,"column":24},"end":{"line":11,"column":34}},"loc":{"start":{"line":11,"column":71},"end":{"line":13,"column":null}}}},"branchMap":{},"s":{"0":0,"1":0},"f":{"0":0},"b":{}},"C:\\Users\\vinic\\Desktop\\Musicnews\\lib\\image-utils.ts":{"path":"C:\\Users\\vinic\\Desktop\\Musicnews\\lib\\image-utils.ts","statementMap":{"0":{"start":{"line":9,"column":22},"end":{"line":9,"column":null}},"1":{"start":{"line":14,"column":2},"end":{"line":14,"column":null}},"2":{"start":{"line":14,"column":34},"end":{"line":14,"column":null}},"3":{"start":{"line":16,"column":2},"end":{"line":65,"column":null}},"4":{"start":{"line":17,"column":16},"end":{"line":17,"column":null}},"5":{"start":{"line":18,"column":4},"end":{"line":18,"column":null}},"6":{"start":{"line":19,"column":4},"end":{"line":63,"column":null}},"7":{"start":{"line":20,"column":21},"end":{"line":20,"column":null}},"8":{"start":{"line":21,"column":30},"end":{"line":21,"column":null}},"9":{"start":{"line":24,"column":27},"end":{"line":24,"column":null}},"10":{"start":{"line":25,"column":6},"end":{"line":29,"column":null}},"11":{"start":{"line":26,"column":22},"end":{"line":26,"column":null}},"12":{"start":{"line":27,"column":8},"end":{"line":27,"column":null}},"13":{"start":{"line":28,"column":8},"end":{"line":28,"column":null}},"14":{"start":{"line":31,"column":6},"end":{"line":31,"column":null}},"15":{"start":{"line":32,"column":6},"end":{"line":32,"column":null}},"16":{"start":{"line":34,"column":18},"end":{"line":34,"column":null}},"17":{"start":{"line":35,"column":6},"end":{"line":38,"column":null}},"18":{"start":{"line":36,"column":8},"end":{"line":36,"column":null}},"19":{"start":{"line":37,"column":8},"end":{"line":37,"column":null}},"20":{"start":{"line":40,"column":33},"end":{"line":45,"column":null}},"21":{"start":{"line":41,"column":8},"end":{"line":41,"column":null}},"22":{"start":{"line":42,"column":8},"end":{"line":42,"column":null}},"23":{"start":{"line":43,"column":8},"end":{"line":43,"column":null}},"24":{"start":{"line":44,"column":8},"end":{"line":44,"column":null}},"25":{"start":{"line":47,"column":20},"end":{"line":47,"column":null}},"26":{"start":{"line":48,"column":18},"end":{"line":48,"column":null}},"27":{"start":{"line":49,"column":19},"end":{"line":49,"column":null}},"28":{"start":{"line":52,"column":6},"end":{"line":55,"column":null}},"29":{"start":{"line":53,"column":8},"end":{"line":53,"column":null}},"30":{"start":{"line":54,"column":8},"end":{"line":54,"column":null}},"31":{"start":{"line":57,"column":6},"end":{"line":60,"column":null}},"32":{"start":{"line":58,"column":8},"end":{"line":58,"column":null}},"33":{"start":{"line":59,"column":8},"end":{"line":59,"column":null}},"34":{"start":{"line":62,"column":6},"end":{"line":62,"column":null}},"35":{"start":{"line":64,"column":4},"end":{"line":64,"column":null}},"36":{"start":{"line":64,"column":24},"end":{"line":64,"column":null}}},"fnMap":{"0":{"name":"compressImage","decl":{"start":{"line":9,"column":22},"end":{"line":9,"column":null}},"loc":{"start":{"line":12,"column":30},"end":{"line":66,"column":null}}},"1":{"name":"(anonymous_2)","decl":{"start":{"line":16,"column":21},"end":{"line":16,"column":22}},"loc":{"start":{"line":16,"column":31},"end":{"line":65,"column":null}}},"2":{"name":"(anonymous_3)","decl":{"start":{"line":19,"column":17},"end":{"line":19,"column":null}},"loc":{"start":{"line":19,"column":17},"end":{"line":63,"column":null}}},"3":{"name":"(anonymous_4)","decl":{"start":{"line":40,"column":33},"end":{"line":40,"column":34}},"loc":{"start":{"line":40,"column":45},"end":{"line":45,"column":null}}},"4":{"name":"(anonymous_5)","decl":{"start":{"line":64,"column":18},"end":{"line":64,"column":24}},"loc":{"start":{"line":64,"column":24},"end":{"line":64,"column":null}}}},"branchMap":{"0":{"loc":{"start":{"line":11,"column":2},"end":{"line":11,"column":28}},"type":"default-arg","locations":[{"start":{"line":11,"column":21},"end":{"line":11,"column":28}}]},"1":{"loc":{"start":{"line":12,"column":2},"end":{"line":12,"column":30}},"type":"default-arg","locations":[{"start":{"line":12,"column":27},"end":{"line":12,"column":30}}]},"2":{"loc":{"start":{"line":14,"column":2},"end":{"line":14,"column":null}},"type":"if","locations":[{"start":{"line":14,"column":2},"end":{"line":14,"column":null}},{"start":{},"end":{}}]},"3":{"loc":{"start":{"line":25,"column":6},"end":{"line":29,"column":null}},"type":"if","locations":[{"start":{"line":25,"column":6},"end":{"line":29,"column":null}},{"start":{},"end":{}}]},"4":{"loc":{"start":{"line":25,"column":10},"end":{"line":25,"column":57}},"type":"binary-expr","locations":[{"start":{"line":25,"column":10},"end":{"line":25,"column":34}},{"start":{"line":25,"column":34},"end":{"line":25,"column":57}}]},"5":{"loc":{"start":{"line":35,"column":6},"end":{"line":38,"column":null}},"type":"if","locations":[{"start":{"line":35,"column":6},"end":{"line":38,"column":null}},{"start":{},"end":{}}]},"6":{"loc":{"start":{"line":52,"column":13},"end":{"line":52,"column":56}},"type":"binary-expr","locations":[{"start":{"line":52,"column":13},"end":{"line":52,"column":41}},{"start":{"line":52,"column":41},"end":{"line":52,"column":56}}]},"7":{"loc":{"start":{"line":57,"column":13},"end":{"line":57,"column":54}},"type":"binary-expr","locations":[{"start":{"line":57,"column":13},"end":{"line":57,"column":41}},{"start":{"line":57,"column":41},"end":{"line":57,"column":54}}]}},"s":{"0":0,"1":0,"2":0,"3":0,"4":0,"5":0,"6":0,"7":0,"8":0,"9":0,"10":0,"11":0,"12":0,"13":0,"14":0,"15":0,"16":0,"17":0,"18":0,"19":0,"20":0,"21":0,"22":0,"23":0,"24":0,"25":0,"26":0,"27":0,"28":0,"29":0,"30":0,"31":0,"32":0,"33":0,"34":0,"35":0,"36":0},"f":{"0":0,"1":0,"2":0,"3":0,"4":0},"b":{"0":[0],"1":[0],"2":[0,0],"3":[0,0],"4":[0,0],"5":[0,0],"6":[0,0],"7":[0,0]}},"C:\\Users\\vinic\\Desktop\\Musicnews\\components\\ads\\AdFooter.tsx":{"path":"C:\\Users\\vinic\\Desktop\\Musicnews\\components\\ads\\AdFooter.tsx","statementMap":{"0":{"start":{"line":5,"column":24},"end":{"line":5,"column":null}},"1":{"start":{"line":3,"column":19},"end":{"line":3,"column":null}}},"fnMap":{"0":{"name":"AdFooter","decl":{"start":{"line":5,"column":24},"end":{"line":5,"column":null}},"loc":{"start":{"line":5,"column":24},"end":{"line":15,"column":null}}}},"branchMap":{},"s":{"0":0,"1":0},"f":{"0":0},"b":{}},"C:\\Users\\vinic\\Desktop\\Musicnews\\components\\ads\\SocialBar.tsx":{"path":"C:\\Users\\vinic\\Desktop\\Musicnews\\components\\ads\\SocialBar.tsx","statementMap":{"0":{"start":{"line":9,"column":24},"end":{"line":9,"column":null}},"1":{"start":{"line":10,"column":2},"end":{"line":10,"column":null}}},"fnMap":{"0":{"name":"SocialBar","decl":{"start":{"line":9,"column":24},"end":{"line":9,"column":null}},"loc":{"start":{"line":9,"column":24},"end":{"line":11,"column":null}}}},"branchMap":{},"s":{"0":0,"1":0},"f":{"0":0},"b":{}},"C:\\Users\\vinic\\Desktop\\Musicnews\\components\\admin\\AdminLayout.tsx":{"path":"C:\\Users\\vinic\\Desktop\\Musicnews\\components\\admin\\AdminLayout.tsx","statementMap":{"0":{"start":{"line":29,"column":24},"end":{"line":29,"column":36}},"1":{"start":{"line":3,"column":36},"end":{"line":3,"column":null}},"2":{"start":{"line":4,"column":39},"end":{"line":4,"column":null}},"3":{"start":{"line":5,"column":17},"end":{"line":5,"column":null}},"4":{"start":{"line":6,"column":26},"end":{"line":6,"column":null}},"5":{"start":{"line":15,"column":7},"end":{"line":15,"column":null}},"6":{"start":{"line":16,"column":19},"end":{"line":16,"column":null}},"7":{"start":{"line":18,"column":17},"end":{"line":23,"column":null}},"8":{"start":{"line":30,"column":36},"end":{"line":30,"column":null}},"9":{"start":{"line":31,"column":19},"end":{"line":31,"column":null}},"10":{"start":{"line":32,"column":17},"end":{"line":32,"column":null}},"11":{"start":{"line":34,"column":2},"end":{"line":39,"column":null}},"12":{"start":{"line":35,"column":4},"end":{"line":35,"column":null}},"13":{"start":{"line":35,"column":38},"end":{"line":35,"column":null}},"14":{"start":{"line":36,"column":4},"end":{"line":38,"column":null}},"15":{"start":{"line":37,"column":6},"end":{"line":37,"column":null}},"16":{"start":{"line":41,"column":2},"end":{"line":43,"column":null}},"17":{"start":{"line":42,"column":4},"end":{"line":42,"column":null}},"18":{"start":{"line":63,"column":27},"end":{"line":63,"column":null}},"19":{"start":{"line":64,"column":12},"end":{"line":66,"column":null}},"20":{"start":{"line":92,"column":27},"end":{"line":92,"column":null}},"21":{"start":{"line":106,"column":35},"end":{"line":106,"column":98}}},"fnMap":{"0":{"name":"AdminLayout","decl":{"start":{"line":29,"column":24},"end":{"line":29,"column":36}},"loc":{"start":{"line":29,"column":66},"end":{"line":121,"column":null}}},"1":{"name":"(anonymous_3)","decl":{"start":{"line":34,"column":12},"end":{"line":34,"column":null}},"loc":{"start":{"line":34,"column":12},"end":{"line":39,"column":5}}},"2":{"name":"(anonymous_4)","decl":{"start":{"line":62,"column":24},"end":{"line":62,"column":25}},"loc":{"start":{"line":62,"column":59},"end":{"line":79,"column":null}}},"3":{"name":"(anonymous_5)","decl":{"start":{"line":92,"column":21},"end":{"line":92,"column":27}},"loc":{"start":{"line":92,"column":27},"end":{"line":92,"column":null}}},"4":{"name":"(anonymous_6)","decl":{"start":{"line":106,"column":27},"end":{"line":106,"column":28}},"loc":{"start":{"line":106,"column":35},"end":{"line":106,"column":98}}}},"branchMap":{"0":{"loc":{"start":{"line":35,"column":4},"end":{"line":35,"column":null}},"type":"if","locations":[{"start":{"line":35,"column":4},"end":{"line":35,"column":null}},{"start":{},"end":{}}]},"1":{"loc":{"start":{"line":36,"column":4},"end":{"line":38,"column":null}},"type":"if","locations":[{"start":{"line":36,"column":4},"end":{"line":38,"column":null}},{"start":{},"end":{}}]},"2":{"loc":{"start":{"line":36,"column":8},"end":{"line":36,"column":71}},"type":"binary-expr","locations":[{"start":{"line":36,"column":8},"end":{"line":36,"column":38}},{"start":{"line":36,"column":38},"end":{"line":36,"column":71}}]},"3":{"loc":{"start":{"line":41,"column":2},"end":{"line":43,"column":null}},"type":"if","locations":[{"start":{"line":41,"column":2},"end":{"line":43,"column":null}},{"start":{},"end":{}}]},"4":{"loc":{"start":{"line":41,"column":6},"end":{"line":41,"column":69}},"type":"binary-expr","locations":[{"start":{"line":41,"column":6},"end":{"line":41,"column":36}},{"start":{"line":41,"column":36},"end":{"line":41,"column":69}}]},"5":{"loc":{"start":{"line":63,"column":27},"end":{"line":63,"column":null}},"type":"cond-expr","locations":[{"start":{"line":63,"column":35},"end":{"line":63,"column":55}},{"start":{"line":63,"column":55},"end":{"line":63,"column":null}}]},"6":{"loc":{"start":{"line":70,"column":18},"end":{"line":72,"column":null}},"type":"cond-expr","locations":[{"start":{"line":71,"column":22},"end":{"line":71,"column":null}},{"start":{"line":72,"column":22},"end":{"line":72,"column":null}}]},"7":{"loc":{"start":{"line":75,"column":61},"end":{"line":75,"column":null}},"type":"binary-expr","locations":[{"start":{"line":75,"column":61},"end":{"line":75,"column":71}},{"start":{"line":75,"column":71},"end":{"line":75,"column":null}}]},"8":{"loc":{"start":{"line":106,"column":13},"end":{"line":106,"column":null}},"type":"binary-expr","locations":[{"start":{"line":106,"column":13},"end":{"line":106,"column":107}},{"start":{"line":106,"column":107},"end":{"line":106,"column":null}}]},"9":{"loc":{"start":{"line":106,"column":35},"end":{"line":106,"column":98}},"type":"cond-expr","locations":[{"start":{"line":106,"column":45},"end":{"line":106,"column":64}},{"start":{"line":106,"column":67},"end":{"line":106,"column":98}}]}},"s":{"0":0,"1":0,"2":0,"3":0,"4":0,"5":0,"6":0,"7":0,"8":0,"9":0,"10":0,"11":0,"12":0,"13":0,"14":0,"15":0,"16":0,"17":0,"18":0,"19":0,"20":0,"21":0},"f":{"0":0,"1":0,"2":0,"3":0,"4":0},"b":{"0":[0,0],"1":[0,0],"2":[0,0],"3":[0,0],"4":[0,0],"5":[0,0],"6":[0,0],"7":[0,0],"8":[0,0],"9":[0,0]}},"C:\\Users\\vinic\\Desktop\\Musicnews\\components\\ads\\AdBanner.tsx":{"path":"C:\\Users\\vinic\\Desktop\\Musicnews\\components\\ads\\AdBanner.tsx","statementMap":{"0":{"start":{"line":19,"column":24},"end":{"line":19,"column":33}},"1":{"start":{"line":3,"column":34},"end":{"line":3,"column":null}},"2":{"start":{"line":20,"column":17},"end":{"line":20,"column":null}},"3":{"start":{"line":22,"column":2},"end":{"line":30,"column":null}},"4":{"start":{"line":23,"column":4},"end":{"line":23,"column":null}},"5":{"start":{"line":23,"column":24},"end":{"line":23,"column":null}},"6":{"start":{"line":24,"column":4},"end":{"line":29,"column":null}},"7":{"start":{"line":25,"column":8},"end":{"line":25,"column":null}},"8":{"start":{"line":26,"column":6},"end":{"line":26,"column":null}},"9":{"start":{"line":32,"column":20},"end":{"line":37,"column":null}},"10":{"start":{"line":39,"column":56},"end":{"line":44,"column":null}}},"fnMap":{"0":{"name":"AdBanner","decl":{"start":{"line":19,"column":24},"end":{"line":19,"column":33}},"loc":{"start":{"line":19,"column":89},"end":{"line":65,"column":null}}},"1":{"name":"(anonymous_2)","decl":{"start":{"line":22,"column":12},"end":{"line":22,"column":null}},"loc":{"start":{"line":22,"column":12},"end":{"line":30,"column":5}}}},"branchMap":{"0":{"loc":{"start":{"line":19,"column":41},"end":{"line":19,"column":56}},"type":"default-arg","locations":[{"start":{"line":19,"column":50},"end":{"line":19,"column":56}}]},"1":{"loc":{"start":{"line":19,"column":58},"end":{"line":19,"column":72}},"type":"default-arg","locations":[{"start":{"line":19,"column":70},"end":{"line":19,"column":72}}]},"2":{"loc":{"start":{"line":23,"column":4},"end":{"line":23,"column":null}},"type":"if","locations":[{"start":{"line":23,"column":4},"end":{"line":23,"column":null}},{"start":{},"end":{}}]},"3":{"loc":{"start":{"line":25,"column":29},"end":{"line":25,"column":53}},"type":"binary-expr","locations":[{"start":{"line":25,"column":29},"end":{"line":25,"column":47}},{"start":{"line":25,"column":51},"end":{"line":25,"column":53}}]},"4":{"loc":{"start":{"line":50,"column":19},"end":{"line":50,"column":null}},"type":"cond-expr","locations":[{"start":{"line":50,"column":44},"end":{"line":50,"column":54}},{"start":{"line":50,"column":54},"end":{"line":50,"column":null}}]},"5":{"loc":{"start":{"line":50,"column":54},"end":{"line":50,"column":null}},"type":"cond-expr","locations":[{"start":{"line":50,"column":78},"end":{"line":50,"column":88}},{"start":{"line":50,"column":88},"end":{"line":50,"column":null}}]},"6":{"loc":{"start":{"line":51,"column":15},"end":{"line":51,"column":null}},"type":"cond-expr","locations":[{"start":{"line":51,"column":40},"end":{"line":51,"column":50}},{"start":{"line":51,"column":50},"end":{"line":51,"column":null}}]},"7":{"loc":{"start":{"line":51,"column":50},"end":{"line":51,"column":null}},"type":"cond-expr","locations":[{"start":{"line":51,"column":74},"end":{"line":51,"column":84}},{"start":{"line":51,"column":84},"end":{"line":51,"column":null}}]},"8":{"loc":{"start":{"line":52,"column":21},"end":{"line":52,"column":null}},"type":"cond-expr","locations":[{"start":{"line":52,"column":46},"end":{"line":52,"column":60}},{"start":{"line":52,"column":60},"end":{"line":52,"column":null}}]},"9":{"loc":{"start":{"line":52,"column":60},"end":{"line":52,"column":null}},"type":"cond-expr","locations":[{"start":{"line":52,"column":84},"end":{"line":52,"column":98}},{"start":{"line":52,"column":98},"end":{"line":52,"column":null}}]}},"s":{"0":0,"1":0,"2":0,"3":0,"4":0,"5":0,"6":0,"7":0,"8":0,"9":0,"10":0},"f":{"0":0,"1":0},"b":{"0":[0],"1":[0],"2":[0,0],"3":[0,0],"4":[0,0],"5":[0,0],"6":[0,0],"7":[0,0],"8":[0,0],"9":[0,0]}},"C:\\Users\\vinic\\Desktop\\Musicnews\\components\\games\\GameAdManager.tsx":{"path":"C:\\Users\\vinic\\Desktop\\Musicnews\\components\\games\\GameAdManager.tsx","statementMap":{"0":{"start":{"line":13,"column":24},"end":{"line":13,"column":null}},"1":{"start":{"line":14,"column":2},"end":{"line":14,"column":null}}},"fnMap":{"0":{"name":"GameAdManager","decl":{"start":{"line":13,"column":24},"end":{"line":13,"column":null}},"loc":{"start":{"line":13,"column":24},"end":{"line":15,"column":null}}}},"branchMap":{},"s":{"0":0,"1":0},"f":{"0":0},"b":{}},"C:\\Users\\vinic\\Desktop\\Musicnews\\lib\\email-from.ts":{"path":"C:\\Users\\vinic\\Desktop\\Musicnews\\lib\\email-from.ts","statementMap":{"0":{"start":{"line":13,"column":16},"end":{"line":13,"column":31}},"1":{"start":{"line":14,"column":18},"end":{"line":14,"column":null}},"2":{"start":{"line":15,"column":2},"end":{"line":18,"column":null}},"3":{"start":{"line":16,"column":22},"end":{"line":16,"column":58}},"4":{"start":{"line":17,"column":4},"end":{"line":17,"column":null}},"5":{"start":{"line":21,"column":16},"end":{"line":21,"column":null}},"6":{"start":{"line":22,"column":2},"end":{"line":27,"column":null}},"7":{"start":{"line":23,"column":17},"end":{"line":23,"column":null}},"8":{"start":{"line":24,"column":18},"end":{"line":24,"column":null}},"9":{"start":{"line":25,"column":22},"end":{"line":25,"column":42}},"10":{"start":{"line":26,"column":4},"end":{"line":26,"column":null}},"11":{"start":{"line":29,"column":16},"end":{"line":29,"column":null}},"12":{"start":{"line":30,"column":20},"end":{"line":30,"column":48}},"13":{"start":{"line":31,"column":2},"end":{"line":31,"column":null}}},"fnMap":{"0":{"name":"parseEmailFrom","decl":{"start":{"line":13,"column":16},"end":{"line":13,"column":31}},"loc":{"start":{"line":13,"column":105},"end":{"line":32,"column":null}}}},"branchMap":{"0":{"loc":{"start":{"line":13,"column":79},"end":{"line":13,"column":105}},"type":"default-arg","locations":[{"start":{"line":13,"column":94},"end":{"line":13,"column":105}}]},"1":{"loc":{"start":{"line":14,"column":19},"end":{"line":14,"column":27}},"type":"binary-expr","locations":[{"start":{"line":14,"column":19},"end":{"line":14,"column":26}},{"start":{"line":14,"column":26},"end":{"line":14,"column":27}}]},"2":{"loc":{"start":{"line":15,"column":2},"end":{"line":18,"column":null}},"type":"if","locations":[{"start":{"line":15,"column":2},"end":{"line":18,"column":null}},{"start":{},"end":{}}]},"3":{"loc":{"start":{"line":22,"column":2},"end":{"line":27,"column":null}},"type":"if","locations":[{"start":{"line":22,"column":2},"end":{"line":27,"column":null}},{"start":{},"end":{}}]},"4":{"loc":{"start":{"line":23,"column":18},"end":{"line":23,"column":49}},"type":"binary-expr","locations":[{"start":{"line":23,"column":18},"end":{"line":23,"column":38}},{"start":{"line":23,"column":38},"end":{"line":23,"column":49}}]}},"s":{"0":0,"1":0,"2":0,"3":0,"4":0,"5":0,"6":0,"7":0,"8":0,"9":0,"10":0,"11":0,"12":0,"13":0},"f":{"0":0},"b":{"0":[0],"1":[0,0],"2":[0,0],"3":[0,0],"4":[0,0]}},"C:\\Users\\vinic\\Desktop\\Musicnews\\components\\ads\\AdZone.tsx":{"path":"C:\\Users\\vinic\\Desktop\\Musicnews\\components\\ads\\AdZone.tsx","statementMap":{"0":{"start":{"line":12,"column":24},"end":{"line":12,"column":31}},"1":{"start":{"line":3,"column":44},"end":{"line":3,"column":null}},"2":{"start":{"line":13,"column":23},"end":{"line":13,"column":null}},"3":{"start":{"line":14,"column":34},"end":{"line":14,"column":null}},"4":{"start":{"line":15,"column":36},"end":{"line":15,"column":null}},"5":{"start":{"line":16,"column":34},"end":{"line":16,"column":null}},"6":{"start":{"line":18,"column":20},"end":{"line":18,"column":null}},"7":{"start":{"line":20,"column":2},"end":{"line":43,"column":null}},"8":{"start":{"line":21,"column":4},"end":{"line":21,"column":null}},"9":{"start":{"line":22,"column":25},"end":{"line":22,"column":null}},"10":{"start":{"line":22,"column":31},"end":{"line":22,"column":null}},"11":{"start":{"line":23,"column":4},"end":{"line":23,"column":null}},"12":{"start":{"line":25,"column":21},"end":{"line":32,"column":null}},"13":{"start":{"line":27,"column":8},"end":{"line":30,"column":null}},"14":{"start":{"line":28,"column":10},"end":{"line":28,"column":null}},"15":{"start":{"line":29,"column":10},"end":{"line":29,"column":null}},"16":{"start":{"line":35,"column":4},"end":{"line":37,"column":null}},"17":{"start":{"line":36,"column":6},"end":{"line":36,"column":null}},"18":{"start":{"line":39,"column":4},"end":{"line":42,"column":null}},"19":{"start":{"line":40,"column":6},"end":{"line":40,"column":null}},"20":{"start":{"line":41,"column":6},"end":{"line":41,"column":null}},"21":{"start":{"line":45,"column":2},"end":{"line":55,"column":null}},"22":{"start":{"line":46,"column":4},"end":{"line":54,"column":null}},"23":{"start":{"line":47,"column":6},"end":{"line":53,"column":null}},"24":{"start":{"line":49,"column":9},"end":{"line":49,"column":null}},"25":{"start":{"line":50,"column":8},"end":{"line":50,"column":null}},"26":{"start":{"line":52,"column":8},"end":{"line":52,"column":null}},"27":{"start":{"line":57,"column":21},"end":{"line":64,"column":null}}},"fnMap":{"0":{"name":"AdZone","decl":{"start":{"line":12,"column":24},"end":{"line":12,"column":31}},"loc":{"start":{"line":12,"column":91},"end":{"line":115,"column":null}}},"1":{"name":"(anonymous_2)","decl":{"start":{"line":20,"column":12},"end":{"line":20,"column":null}},"loc":{"start":{"line":20,"column":12},"end":{"line":43,"column":5}}},"2":{"name":"(anonymous_3)","decl":{"start":{"line":22,"column":25},"end":{"line":22,"column":31}},"loc":{"start":{"line":22,"column":31},"end":{"line":22,"column":null}}},"3":{"name":"(anonymous_4)","decl":{"start":{"line":26,"column":6},"end":{"line":26,"column":7}},"loc":{"start":{"line":26,"column":14},"end":{"line":31,"column":null}}},"4":{"name":"(anonymous_5)","decl":{"start":{"line":39,"column":11},"end":{"line":39,"column":null}},"loc":{"start":{"line":39,"column":11},"end":{"line":42,"column":null}}},"5":{"name":"(anonymous_6)","decl":{"start":{"line":45,"column":12},"end":{"line":45,"column":null}},"loc":{"start":{"line":45,"column":12},"end":{"line":55,"column":5}}}},"branchMap":{"0":{"loc":{"start":{"line":12,"column":41},"end":{"line":12,"column":58}},"type":"default-arg","locations":[{"start":{"line":12,"column":50},"end":{"line":12,"column":58}}]},"1":{"loc":{"start":{"line":27,"column":8},"end":{"line":30,"column":null}},"type":"if","locations":[{"start":{"line":27,"column":8},"end":{"line":30,"column":null}},{"start":{},"end":{}}]},"2":{"loc":{"start":{"line":35,"column":4},"end":{"line":37,"column":null}},"type":"if","locations":[{"start":{"line":35,"column":4},"end":{"line":37,"column":null}},{"start":{},"end":{}}]},"3":{"loc":{"start":{"line":46,"column":4},"end":{"line":54,"column":null}},"type":"if","locations":[{"start":{"line":46,"column":4},"end":{"line":54,"column":null}},{"start":{},"end":{}}]},"4":{"loc":{"start":{"line":46,"column":8},"end":{"line":46,"column":32}},"type":"binary-expr","locations":[{"start":{"line":46,"column":8},"end":{"line":46,"column":21}},{"start":{"line":46,"column":21},"end":{"line":46,"column":32}}]},"5":{"loc":{"start":{"line":49,"column":30},"end":{"line":49,"column":54}},"type":"binary-expr","locations":[{"start":{"line":49,"column":30},"end":{"line":49,"column":48}},{"start":{"line":49,"column":52},"end":{"line":49,"column":54}}]},"6":{"loc":{"start":{"line":57,"column":21},"end":{"line":64,"column":null}},"type":"binary-expr","locations":[{"start":{"line":57,"column":21},"end":{"line":64,"column":11}},{"start":{"line":64,"column":15},"end":{"line":64,"column":null}}]},"7":{"loc":{"start":{"line":77,"column":17},"end":{"line":77,"column":98}},"type":"cond-expr","locations":[{"start":{"line":77,"column":37},"end":{"line":77,"column":47}},{"start":{"line":77,"column":47},"end":{"line":77,"column":98}}]},"8":{"loc":{"start":{"line":77,"column":47},"end":{"line":77,"column":98}},"type":"cond-expr","locations":[{"start":{"line":77,"column":58},"end":{"line":77,"column":79}},{"start":{"line":77,"column":79},"end":{"line":77,"column":98}}]},"9":{"loc":{"start":{"line":78,"column":21},"end":{"line":78,"column":91}},"type":"cond-expr","locations":[{"start":{"line":78,"column":41},"end":{"line":78,"column":52}},{"start":{"line":78,"column":52},"end":{"line":78,"column":91}}]},"10":{"loc":{"start":{"line":78,"column":52},"end":{"line":78,"column":91}},"type":"cond-expr","locations":[{"start":{"line":78,"column":63},"end":{"line":78,"column":72}},{"start":{"line":78,"column":72},"end":{"line":78,"column":91}}]},"11":{"loc":{"start":{"line":82,"column":10},"end":{"line":86,"column":null}},"type":"cond-expr","locations":[{"start":{"line":82,"column":10},"end":{"line":86,"column":null}}]},"12":{"loc":{"start":{"line":88,"column":13},"end":{"line":88,"column":null}},"type":"binary-expr","locations":[{"start":{"line":88,"column":13},"end":{"line":88,"column":null}}]},"13":{"loc":{"start":{"line":94,"column":13},"end":{"line":94,"column":null}},"type":"binary-expr","locations":[{"start":{"line":94,"column":13},"end":{"line":94,"column":null}}]},"14":{"loc":{"start":{"line":102,"column":22},"end":{"line":102,"column":106}},"type":"cond-expr","locations":[{"start":{"line":102,"column":42},"end":{"line":102,"column":47}},{"start":{"line":102,"column":47},"end":{"line":102,"column":106}}]},"15":{"loc":{"start":{"line":106,"column":32},"end":{"line":106,"column":null}},"type":"cond-expr","locations":[{"start":{"line":106,"column":52},"end":{"line":106,"column":61}},{"start":{"line":106,"column":61},"end":{"line":106,"column":null}}]},"16":{"loc":{"start":{"line":107,"column":44},"end":{"line":107,"column":null}},"type":"cond-expr","locations":[{"start":{"line":107,"column":64},"end":{"line":107,"column":73}},{"start":{"line":107,"column":73},"end":{"line":107,"column":null}}]}},"s":{"0":0,"1":0,"2":0,"3":0,"4":0,"5":0,"6":0,"7":0,"8":0,"9":0,"10":0,"11":0,"12":0,"13":0,"14":0,"15":0,"16":0,"17":0,"18":0,"19":0,"20":0,"21":0,"22":0,"23":0,"24":0,"25":0,"26":0,"27":0},"f":{"0":0,"1":0,"2":0,"3":0,"4":0,"5":0},"b":{"0":[0],"1":[0,0],"2":[0,0],"3":[0,0],"4":[0,0],"5":[0,0],"6":[0,0],"7":[0,0],"8":[0,0],"9":[0,0],"10":[0,0],"11":[0],"12":[0],"13":[0],"14":[0,0],"15":[0,0],"16":[0,0]}},"C:\\Users\\vinic\\Desktop\\Musicnews\\lib\\reset-mail.ts":{"path":"C:\\Users\\vinic\\Desktop\\Musicnews\\lib\\reset-mail.ts","statementMap":{"0":{"start":{"line":10,"column":22},"end":{"line":10,"column":37}},"1":{"start":{"line":3,"column":31},"end":{"line":3,"column":null}},"2":{"start":{"line":11,"column":18},"end":{"line":11,"column":null}},"3":{"start":{"line":12,"column":23},"end":{"line":12,"column":null}},"4":{"start":{"line":13,"column":20},"end":{"line":13,"column":67}},"5":{"start":{"line":16,"column":17},"end":{"line":16,"column":67}},"6":{"start":{"line":18,"column":2},"end":{"line":18,"column":null}},"7":{"start":{"line":19,"column":2},"end":{"line":19,"column":null}},"8":{"start":{"line":22,"column":2},"end":{"line":27,"column":null}},"9":{"start":{"line":23,"column":4},"end":{"line":23,"column":null}},"10":{"start":{"line":24,"column":4},"end":{"line":24,"column":null}},"11":{"start":{"line":25,"column":4},"end":{"line":25,"column":null}},"12":{"start":{"line":26,"column":4},"end":{"line":26,"column":null}},"13":{"start":{"line":29,"column":17},"end":{"line":29,"column":null}},"14":{"start":{"line":31,"column":2},"end":{"line":31,"column":null}},"15":{"start":{"line":33,"column":2},"end":{"line":75,"column":null}},"16":{"start":{"line":34,"column":16},"end":{"line":61,"column":null}},"17":{"start":{"line":63,"column":17},"end":{"line":63,"column":null}},"18":{"start":{"line":65,"column":4},"end":{"line":68,"column":null}},"19":{"start":{"line":66,"column":6},"end":{"line":66,"column":null}},"20":{"start":{"line":67,"column":6},"end":{"line":67,"column":null}},"21":{"start":{"line":70,"column":4},"end":{"line":70,"column":null}},"22":{"start":{"line":71,"column":4},"end":{"line":71,"column":null}},"23":{"start":{"line":73,"column":4},"end":{"line":73,"column":null}},"24":{"start":{"line":74,"column":4},"end":{"line":74,"column":null}}},"fnMap":{"0":{"name":"sendResetEmail","decl":{"start":{"line":10,"column":22},"end":{"line":10,"column":37}},"loc":{"start":{"line":10,"column":65},"end":{"line":76,"column":null}}}},"branchMap":{"0":{"loc":{"start":{"line":11,"column":18},"end":{"line":11,"column":null}},"type":"binary-expr","locations":[{"start":{"line":11,"column":18},"end":{"line":11,"column":42}},{"start":{"line":11,"column":46},"end":{"line":11,"column":null}}]},"1":{"loc":{"start":{"line":16,"column":17},"end":{"line":16,"column":67}},"type":"binary-expr","locations":[{"start":{"line":16,"column":17},"end":{"line":16,"column":42}},{"start":{"line":16,"column":46},"end":{"line":16,"column":67}}]},"2":{"loc":{"start":{"line":22,"column":2},"end":{"line":27,"column":null}},"type":"if","locations":[{"start":{"line":22,"column":2},"end":{"line":27,"column":null}},{"start":{},"end":{}}]},"3":{"loc":{"start":{"line":65,"column":4},"end":{"line":68,"column":null}},"type":"if","locations":[{"start":{"line":65,"column":4},"end":{"line":68,"column":null}},{"start":{},"end":{}}]}},"s":{"0":0,"1":0,"2":0,"3":0,"4":0,"5":0,"6":0,"7":0,"8":0,"9":0,"10":0,"11":0,"12":0,"13":0,"14":0,"15":0,"16":0,"17":0,"18":0,"19":0,"20":0,"21":0,"22":0,"23":0,"24":0},"f":{"0":0},"b":{"0":[0,0],"1":[0,0],"2":[0,0],"3":[0,0]}},"C:\\Users\\vinic\\Desktop\\Musicnews\\components\\games\\BlindTestPlayer.tsx":{"path":"C:\\Users\\vinic\\Desktop\\Musicnews\\components\\games\\BlindTestPlayer.tsx","statementMap":{"0":{"start":{"line":19,"column":24},"end":{"line":19,"column":40}},"1":{"start":{"line":3,"column":44},"end":{"line":3,"column":null}},"2":{"start":{"line":20,"column":20},"end":{"line":20,"column":null}},"3":{"start":{"line":21,"column":23},"end":{"line":21,"column":null}},"4":{"start":{"line":22,"column":38},"end":{"line":22,"column":null}},"5":{"start":{"line":23,"column":21},"end":{"line":23,"column":null}},"6":{"start":{"line":26,"column":2},"end":{"line":39,"column":null}},"7":{"start":{"line":27,"column":4},"end":{"line":38,"column":null}},"8":{"start":{"line":28,"column":18},"end":{"line":28,"column":null}},"9":{"start":{"line":29,"column":6},"end":{"line":29,"column":null}},"10":{"start":{"line":30,"column":29},"end":{"line":30,"column":71}},"11":{"start":{"line":31,"column":6},"end":{"line":31,"column":null}},"12":{"start":{"line":33,"column":6},"end":{"line":35,"column":null}},"13":{"start":{"line":34,"column":8},"end":{"line":34,"column":null}},"14":{"start":{"line":37,"column":6},"end":{"line":37,"column":null}},"15":{"start":{"line":42,"column":2},"end":{"line":105,"column":null}},"16":{"start":{"line":43,"column":4},"end":{"line":43,"column":null}},"17":{"start":{"line":43,"column":58},"end":{"line":43,"column":null}},"18":{"start":{"line":45,"column":22},"end":{"line":45,"column":null}},"19":{"start":{"line":47,"column":25},"end":{"line":87,"column":null}},"20":{"start":{"line":49,"column":24},"end":{"line":49,"column":null}},"21":{"start":{"line":50,"column":6},"end":{"line":50,"column":null}},"22":{"start":{"line":52,"column":6},"end":{"line":85,"column":null}},"23":{"start":{"line":68,"column":12},"end":{"line":77,"column":null}},"24":{"start":{"line":69,"column":14},"end":{"line":69,"column":null}},"25":{"start":{"line":70,"column":14},"end":{"line":70,"column":null}},"26":{"start":{"line":72,"column":14},"end":{"line":72,"column":null}},"27":{"start":{"line":72,"column":38},"end":{"line":72,"column":null}},"28":{"start":{"line":73,"column":14},"end":{"line":76,"column":null}},"29":{"start":{"line":74,"column":16},"end":{"line":74,"column":null}},"30":{"start":{"line":75,"column":16},"end":{"line":75,"column":null}},"31":{"start":{"line":80,"column":12},"end":{"line":82,"column":null}},"32":{"start":{"line":81,"column":14},"end":{"line":81,"column":null}},"33":{"start":{"line":86,"column":6},"end":{"line":86,"column":null}},"34":{"start":{"line":89,"column":4},"end":{"line":89,"column":null}},"35":{"start":{"line":91,"column":4},"end":{"line":104,"column":null}},"36":{"start":{"line":92,"column":6},"end":{"line":95,"column":null}},"37":{"start":{"line":93,"column":8},"end":{"line":93,"column":null}},"38":{"start":{"line":94,"column":8},"end":{"line":94,"column":null}},"39":{"start":{"line":96,"column":6},"end":{"line":103,"column":null}},"40":{"start":{"line":97,"column":9},"end":{"line":102,"column":null}},"41":{"start":{"line":98,"column":11},"end":{"line":98,"column":null}},"42":{"start":{"line":99,"column":11},"end":{"line":99,"column":null}},"43":{"start":{"line":101,"column":11},"end":{"line":101,"column":null}}},"fnMap":{"0":{"name":"BlindTestPlayer","decl":{"start":{"line":19,"column":24},"end":{"line":19,"column":40}},"loc":{"start":{"line":19,"column":112},"end":{"line":112,"column":null}}},"1":{"name":"(anonymous_2)","decl":{"start":{"line":26,"column":12},"end":{"line":26,"column":null}},"loc":{"start":{"line":26,"column":12},"end":{"line":39,"column":5}}},"2":{"name":"(anonymous_3)","decl":{"start":{"line":33,"column":39},"end":{"line":33,"column":null}},"loc":{"start":{"line":33,"column":39},"end":{"line":35,"column":null}}},"3":{"name":"(anonymous_4)","decl":{"start":{"line":42,"column":12},"end":{"line":42,"column":null}},"loc":{"start":{"line":42,"column":12},"end":{"line":105,"column":5}}},"4":{"name":"(anonymous_5)","decl":{"start":{"line":47,"column":25},"end":{"line":47,"column":null}},"loc":{"start":{"line":47,"column":25},"end":{"line":87,"column":null}}},"5":{"name":"(anonymous_6)","decl":{"start":{"line":67,"column":19},"end":{"line":67,"column":20}},"loc":{"start":{"line":67,"column":20},"end":{"line":78,"column":null}}},"6":{"name":"(anonymous_7)","decl":{"start":{"line":73,"column":46},"end":{"line":73,"column":null}},"loc":{"start":{"line":73,"column":46},"end":{"line":76,"column":17}}},"7":{"name":"(anonymous_8)","decl":{"start":{"line":79,"column":25},"end":{"line":79,"column":26}},"loc":{"start":{"line":79,"column":26},"end":{"line":83,"column":null}}},"8":{"name":"(anonymous_9)","decl":{"start":{"line":91,"column":11},"end":{"line":91,"column":null}},"loc":{"start":{"line":91,"column":11},"end":{"line":104,"column":null}}}},"branchMap":{"0":{"loc":{"start":{"line":27,"column":4},"end":{"line":38,"column":null}},"type":"if","locations":[{"start":{"line":27,"column":4},"end":{"line":38,"column":null}},{"start":{"line":36,"column":11},"end":{"line":38,"column":null}}]},"1":{"loc":{"start":{"line":43,"column":4},"end":{"line":43,"column":null}},"type":"if","locations":[{"start":{"line":43,"column":4},"end":{"line":43,"column":null}},{"start":{},"end":{}}]},"2":{"loc":{"start":{"line":43,"column":8},"end":{"line":43,"column":56}},"type":"binary-expr","locations":[{"start":{"line":43,"column":8},"end":{"line":43,"column":23}},{"start":{"line":43,"column":23},"end":{"line":43,"column":35}},{"start":{"line":43,"column":35},"end":{"line":43,"column":56}}]},"3":{"loc":{"start":{"line":68,"column":12},"end":{"line":77,"column":null}},"type":"if","locations":[{"start":{"line":68,"column":12},"end":{"line":77,"column":null}},{"start":{},"end":{}}]},"4":{"loc":{"start":{"line":72,"column":14},"end":{"line":72,"column":null}},"type":"if","locations":[{"start":{"line":72,"column":14},"end":{"line":72,"column":null}},{"start":{},"end":{}}]},"5":{"loc":{"start":{"line":80,"column":12},"end":{"line":82,"column":null}},"type":"if","locations":[{"start":{"line":80,"column":12},"end":{"line":82,"column":null}},{"start":{},"end":{}}]},"6":{"loc":{"start":{"line":92,"column":6},"end":{"line":95,"column":null}},"type":"if","locations":[{"start":{"line":92,"column":6},"end":{"line":95,"column":null}},{"start":{},"end":{}}]},"7":{"loc":{"start":{"line":96,"column":6},"end":{"line":103,"column":null}},"type":"if","locations":[{"start":{"line":96,"column":6},"end":{"line":103,"column":null}},{"start":{},"end":{}}]}},"s":{"0":0,"1":0,"2":0,"3":0,"4":0,"5":0,"6":0,"7":0,"8":0,"9":0,"10":0,"11":0,"12":0,"13":0,"14":0,"15":0,"16":0,"17":0,"18":0,"19":0,"20":0,"21":0,"22":0,"23":0,"24":0,"25":0,"26":0,"27":0,"28":0,"29":0,"30":0,"31":0,"32":0,"33":0,"34":0,"35":0,"36":0,"37":0,"38":0,"39":0,"40":0,"41":0,"42":0,"43":0},"f":{"0":0,"1":0,"2":0,"3":0,"4":0,"5":0,"6":0,"7":0,"8":0},"b":{"0":[0,0],"1":[0,0],"2":[0,0,0],"3":[0,0],"4":[0,0],"5":[0,0],"6":[0,0],"7":[0,0]}},"C:\\Users\\vinic\\Desktop\\Musicnews\\services\\offlineService.ts":{"path":"C:\\Users\\vinic\\Desktop\\Musicnews\\services\\offlineService.ts","statementMap":{"0":{"start":{"line":84,"column":22},"end":{"line":84,"column":44}},"1":{"start":{"line":60,"column":22},"end":{"line":60,"column":40}},"2":{"start":{"line":89,"column":22},"end":{"line":89,"column":37}},"3":{"start":{"line":105,"column":22},"end":{"line":105,"column":40}},"4":{"start":{"line":113,"column":16},"end":{"line":113,"column":24}},"5":{"start":{"line":54,"column":22},"end":{"line":54,"column":39}},"6":{"start":{"line":47,"column":22},"end":{"line":47,"column":43}},"7":{"start":{"line":28,"column":22},"end":{"line":28,"column":41}},"8":{"start":{"line":1,"column":42},"end":{"line":1,"column":null}},"9":{"start":{"line":4,"column":16},"end":{"line":4,"column":null}},"10":{"start":{"line":5,"column":19},"end":{"line":5,"column":null}},"11":{"start":{"line":7,"column":31},"end":{"line":7,"column":null}},"12":{"start":{"line":10,"column":2},"end":{"line":10,"column":null}},"13":{"start":{"line":10,"column":11},"end":{"line":10,"column":null}},"14":{"start":{"line":12,"column":2},"end":{"line":21,"column":null}},"15":{"start":{"line":14,"column":6},"end":{"line":16,"column":null}},"16":{"start":{"line":15,"column":8},"end":{"line":15,"column":null}},"17":{"start":{"line":17,"column":6},"end":{"line":19,"column":null}},"18":{"start":{"line":18,"column":8},"end":{"line":18,"column":null}},"19":{"start":{"line":23,"column":2},"end":{"line":23,"column":null}},"20":{"start":{"line":29,"column":13},"end":{"line":29,"column":null}},"21":{"start":{"line":30,"column":13},"end":{"line":30,"column":null}},"22":{"start":{"line":32,"column":2},"end":{"line":34,"column":null}},"23":{"start":{"line":33,"column":4},"end":{"line":33,"column":null}},"24":{"start":{"line":36,"column":40},"end":{"line":41,"column":null}},"25":{"start":{"line":39,"column":30},"end":{"line":39,"column":34}},"26":{"start":{"line":43,"column":2},"end":{"line":43,"column":null}},"27":{"start":{"line":44,"column":2},"end":{"line":44,"column":null}},"28":{"start":{"line":48,"column":13},"end":{"line":48,"column":null}},"29":{"start":{"line":49,"column":2},"end":{"line":49,"column":null}},"30":{"start":{"line":55,"column":13},"end":{"line":55,"column":null}},"31":{"start":{"line":56,"column":17},"end":{"line":56,"column":null}},"32":{"start":{"line":57,"column":2},"end":{"line":57,"column":null}},"33":{"start":{"line":61,"column":2},"end":{"line":81,"column":null}},"34":{"start":{"line":62,"column":15},"end":{"line":62,"column":null}},"35":{"start":{"line":63,"column":54},"end":{"line":63,"column":null}},"36":{"start":{"line":64,"column":4},"end":{"line":64,"column":null}},"37":{"start":{"line":64,"column":17},"end":{"line":64,"column":null}},"38":{"start":{"line":65,"column":18},"end":{"line":66,"column":null}},"39":{"start":{"line":66,"column":33},"end":{"line":66,"column":null}},"40":{"start":{"line":68,"column":23},"end":{"line":68,"column":null}},"41":{"start":{"line":68,"column":54},"end":{"line":68,"column":null}},"42":{"start":{"line":69,"column":4},"end":{"line":78,"column":null}},"43":{"start":{"line":71,"column":46},"end":{"line":77,"column":null}},"44":{"start":{"line":80,"column":4},"end":{"line":80,"column":null}},"45":{"start":{"line":85,"column":13},"end":{"line":85,"column":null}},"46":{"start":{"line":86,"column":2},"end":{"line":86,"column":null}},"47":{"start":{"line":90,"column":13},"end":{"line":90,"column":null}},"48":{"start":{"line":91,"column":52},"end":{"line":93,"column":null}},"49":{"start":{"line":95,"column":2},"end":{"line":95,"column":null}},"50":{"start":{"line":95,"column":15},"end":{"line":95,"column":null}},"51":{"start":{"line":97,"column":16},"end":{"line":98,"column":null}},"52":{"start":{"line":98,"column":31},"end":{"line":98,"column":null}},"53":{"start":{"line":100,"column":2},"end":{"line":100,"column":null}},"54":{"start":{"line":100,"column":40},"end":{"line":100,"column":null}},"55":{"start":{"line":106,"column":2},"end":{"line":108,"column":null}},"56":{"start":{"line":107,"column":4},"end":{"line":107,"column":null}},"57":{"start":{"line":109,"column":35},"end":{"line":109,"column":null}},"58":{"start":{"line":110,"column":2},"end":{"line":110,"column":null}},"59":{"start":{"line":114,"column":2},"end":{"line":114,"column":null}},"60":{"start":{"line":114,"column":40},"end":{"line":114,"column":null}},"61":{"start":{"line":115,"column":2},"end":{"line":115,"column":null}}},"fnMap":{"0":{"name":"getDB","decl":{"start":{"line":9,"column":15},"end":{"line":9,"column":null}},"loc":{"start":{"line":9,"column":15},"end":{"line":24,"column":null}}},"1":{"name":"(anonymous_10)","decl":{"start":{"line":13,"column":4},"end":{"line":13,"column":12}},"loc":{"start":{"line":13,"column":20},"end":{"line":20,"column":null}}},"2":{"name":"savePlaylistOffline","decl":{"start":{"line":28,"column":22},"end":{"line":28,"column":41}},"loc":{"start":{"line":28,"column":75},"end":{"line":45,"column":null}}},"3":{"name":"(anonymous_12)","decl":{"start":{"line":39,"column":23},"end":{"line":39,"column":24}},"loc":{"start":{"line":39,"column":30},"end":{"line":39,"column":34}}},"4":{"name":"removeOfflinePlaylist","decl":{"start":{"line":47,"column":22},"end":{"line":47,"column":43}},"loc":{"start":{"line":47,"column":62},"end":{"line":50,"column":null}}},"5":{"name":"isPlaylistOffline","decl":{"start":{"line":54,"column":22},"end":{"line":54,"column":39}},"loc":{"start":{"line":54,"column":58},"end":{"line":58,"column":null}}},"6":{"name":"getOfflinePlaylist","decl":{"start":{"line":60,"column":22},"end":{"line":60,"column":40}},"loc":{"start":{"line":60,"column":59},"end":{"line":82,"column":null}}},"7":{"name":"(anonymous_16)","decl":{"start":{"line":66,"column":25},"end":{"line":66,"column":26}},"loc":{"start":{"line":66,"column":33},"end":{"line":66,"column":null}}},"8":{"name":"(anonymous_17)","decl":{"start":{"line":68,"column":36},"end":{"line":68,"column":37}},"loc":{"start":{"line":68,"column":54},"end":{"line":68,"column":null}}},"9":{"name":"(anonymous_18)","decl":{"start":{"line":71,"column":28},"end":{"line":71,"column":29}},"loc":{"start":{"line":71,"column":46},"end":{"line":77,"column":null}}},"10":{"name":"getAllOfflinePlaylists","decl":{"start":{"line":84,"column":22},"end":{"line":84,"column":44}},"loc":{"start":{"line":84,"column":22},"end":{"line":87,"column":null}}},"11":{"name":"getOfflineSongs","decl":{"start":{"line":89,"column":22},"end":{"line":89,"column":37}},"loc":{"start":{"line":89,"column":56},"end":{"line":101,"column":null}}},"12":{"name":"(anonymous_21)","decl":{"start":{"line":98,"column":23},"end":{"line":98,"column":24}},"loc":{"start":{"line":98,"column":31},"end":{"line":98,"column":null}}},"13":{"name":"(anonymous_22)","decl":{"start":{"line":100,"column":22},"end":{"line":100,"column":23}},"loc":{"start":{"line":100,"column":40},"end":{"line":100,"column":null}}},"14":{"name":"getStorageEstimate","decl":{"start":{"line":105,"column":22},"end":{"line":105,"column":40}},"loc":{"start":{"line":105,"column":22},"end":{"line":111,"column":null}}},"15":{"name":"isOnline","decl":{"start":{"line":113,"column":16},"end":{"line":113,"column":24}},"loc":{"start":{"line":113,"column":16},"end":{"line":116,"column":null}}}},"branchMap":{"0":{"loc":{"start":{"line":10,"column":2},"end":{"line":10,"column":null}},"type":"if","locations":[{"start":{"line":10,"column":2},"end":{"line":10,"column":null}},{"start":{},"end":{}}]},"1":{"loc":{"start":{"line":14,"column":6},"end":{"line":16,"column":null}},"type":"if","locations":[{"start":{"line":14,"column":6},"end":{"line":16,"column":null}},{"start":{},"end":{}}]},"2":{"loc":{"start":{"line":17,"column":6},"end":{"line":19,"column":null}},"type":"if","locations":[{"start":{"line":17,"column":6},"end":{"line":19,"column":null}},{"start":{},"end":{}}]},"3":{"loc":{"start":{"line":64,"column":4},"end":{"line":64,"column":null}},"type":"if","locations":[{"start":{"line":64,"column":4},"end":{"line":64,"column":null}},{"start":{},"end":{}}]},"4":{"loc":{"start":{"line":95,"column":2},"end":{"line":95,"column":null}},"type":"if","locations":[{"start":{"line":95,"column":2},"end":{"line":95,"column":null}},{"start":{},"end":{}}]},"5":{"loc":{"start":{"line":106,"column":2},"end":{"line":108,"column":null}},"type":"if","locations":[{"start":{"line":106,"column":2},"end":{"line":108,"column":null}},{"start":{},"end":{}}]},"6":{"loc":{"start":{"line":106,"column":6},"end":{"line":106,"column":72}},"type":"binary-expr","locations":[{"start":{"line":106,"column":6},"end":{"line":106,"column":42}},{"start":{"line":106,"column":42},"end":{"line":106,"column":72}}]},"7":{"loc":{"start":{"line":109,"column":10},"end":{"line":109,"column":19}},"type":"default-arg","locations":[{"start":{"line":109,"column":18},"end":{"line":109,"column":19}}]},"8":{"loc":{"start":{"line":109,"column":21},"end":{"line":109,"column":30}},"type":"default-arg","locations":[{"start":{"line":109,"column":29},"end":{"line":109,"column":30}}]},"9":{"loc":{"start":{"line":114,"column":2},"end":{"line":114,"column":null}},"type":"if","locations":[{"start":{"line":114,"column":2},"end":{"line":114,"column":null}},{"start":{},"end":{}}]}},"s":{"0":0,"1":0,"2":0,"3":0,"4":0,"5":0,"6":0,"7":0,"8":0,"9":0,"10":0,"11":0,"12":0,"13":0,"14":0,"15":0,"16":0,"17":0,"18":0,"19":0,"20":0,"21":0,"22":0,"23":0,"24":0,"25":0,"26":0,"27":0,"28":0,"29":0,"30":0,"31":0,"32":0,"33":0,"34":0,"35":0,"36":0,"37":0,"38":0,"39":0,"40":0,"41":0,"42":0,"43":0,"44":0,"45":0,"46":0,"47":0,"48":0,"49":0,"50":0,"51":0,"52":0,"53":0,"54":0,"55":0,"56":0,"57":0,"58":0,"59":0,"60":0,"61":0},"f":{"0":0,"1":0,"2":0,"3":0,"4":0,"5":0,"6":0,"7":0,"8":0,"9":0,"10":0,"11":0,"12":0,"13":0,"14":0,"15":0},"b":{"0":[0,0],"1":[0,0],"2":[0,0],"3":[0,0],"4":[0,0],"5":[0,0],"6":[0,0],"7":[0],"8":[0],"9":[0,0]}},"C:\\Users\\vinic\\Desktop\\Musicnews\\app\\page.tsx":{"path":"C:\\Users\\vinic\\Desktop\\Musicnews\\app\\page.tsx","statementMap":{"0":{"start":{"line":49,"column":30},"end":{"line":49,"column":null}},"1":{"start":{"line":2,"column":33},"end":{"line":2,"column":null}},"2":{"start":{"line":3,"column":28},"end":{"line":3,"column":null}},"3":{"start":{"line":4,"column":23},"end":{"line":4,"column":null}},"4":{"start":{"line":5,"column":23},"end":{"line":5,"column":null}},"5":{"start":{"line":6,"column":23},"end":{"line":6,"column":null}},"6":{"start":{"line":10,"column":50},"end":{"line":40,"column":null}},"7":{"start":{"line":42,"column":2},"end":{"line":46,"column":null}},"8":{"start":{"line":50,"column":18},"end":{"line":50,"column":null}},"9":{"start":{"line":51,"column":52},"end":{"line":51,"column":null}},"10":{"start":{"line":53,"column":15},"end":{"line":53,"column":null}},"11":{"start":{"line":54,"column":19},"end":{"line":54,"column":null}}},"fnMap":{"0":{"name":"fetchHomeData","decl":{"start":{"line":9,"column":15},"end":{"line":9,"column":29}},"loc":{"start":{"line":9,"column":44},"end":{"line":47,"column":null}}},"1":{"name":"HomePage","decl":{"start":{"line":49,"column":30},"end":{"line":49,"column":null}},"loc":{"start":{"line":49,"column":30},"end":{"line":66,"column":null}}}},"branchMap":{"0":{"loc":{"start":{"line":11,"column":4},"end":{"line":21,"column":10}},"type":"cond-expr","locations":[{"start":{"line":12,"column":8},"end":{"line":20,"column":null}},{"start":{"line":21,"column":8},"end":{"line":21,"column":10}}]},"1":{"loc":{"start":{"line":54,"column":19},"end":{"line":54,"column":null}},"type":"cond-expr","locations":[{"start":{"line":54,"column":31},"end":{"line":54,"column":43}},{"start":{"line":54,"column":43},"end":{"line":54,"column":null}}]},"2":{"loc":{"start":{"line":54,"column":43},"end":{"line":54,"column":null}},"type":"cond-expr","locations":[{"start":{"line":54,"column":55},"end":{"line":54,"column":69}},{"start":{"line":54,"column":69},"end":{"line":54,"column":null}}]}},"s":{"0":0,"1":0,"2":0,"3":0,"4":0,"5":0,"6":0,"7":0,"8":0,"9":0,"10":0,"11":0},"f":{"0":0,"1":0},"b":{"0":[0,0],"1":[0,0],"2":[0,0]}},"C:\\Users\\vinic\\Desktop\\Musicnews\\components\\layout\\Footer.tsx":{"path":"C:\\Users\\vinic\\Desktop\\Musicnews\\components\\layout\\Footer.tsx","statementMap":{"0":{"start":{"line":3,"column":24},"end":{"line":3,"column":null}},"1":{"start":{"line":1,"column":17},"end":{"line":1,"column":null}}},"fnMap":{"0":{"name":"Footer","decl":{"start":{"line":3,"column":24},"end":{"line":3,"column":null}},"loc":{"start":{"line":3,"column":24},"end":{"line":19,"column":null}}}},"branchMap":{},"s":{"0":0,"1":0},"f":{"0":0},"b":{}},"C:\\Users\\vinic\\Desktop\\Musicnews\\lib\\utils.ts":{"path":"C:\\Users\\vinic\\Desktop\\Musicnews\\lib\\utils.ts","statementMap":{"0":{"start":{"line":75,"column":16},"end":{"line":75,"column":21}},"1":{"start":{"line":4,"column":16},"end":{"line":4,"column":18}},"2":{"start":{"line":48,"column":16},"end":{"line":48,"column":32}},"3":{"start":{"line":13,"column":16},"end":{"line":13,"column":30}},"4":{"start":{"line":25,"column":16},"end":{"line":25,"column":35}},"5":{"start":{"line":33,"column":16},"end":{"line":33,"column":23}},"6":{"start":{"line":64,"column":16},"end":{"line":64,"column":32}},"7":{"start":{"line":5,"column":2},"end":{"line":9,"column":null}},"8":{"start":{"line":14,"column":2},"end":{"line":14,"column":null}},"9":{"start":{"line":14,"column":34},"end":{"line":14,"column":null}},"10":{"start":{"line":15,"column":12},"end":{"line":15,"column":null}},"11":{"start":{"line":16,"column":12},"end":{"line":16,"column":null}},"12":{"start":{"line":17,"column":12},"end":{"line":17,"column":null}},"13":{"start":{"line":18,"column":2},"end":{"line":20,"column":null}},"14":{"start":{"line":19,"column":4},"end":{"line":19,"column":null}},"15":{"start":{"line":21,"column":2},"end":{"line":21,"column":null}},"16":{"start":{"line":26,"column":12},"end":{"line":26,"column":null}},"17":{"start":{"line":27,"column":12},"end":{"line":27,"column":null}},"18":{"start":{"line":28,"column":2},"end":{"line":28,"column":null}},"19":{"start":{"line":28,"column":13},"end":{"line":28,"column":null}},"20":{"start":{"line":29,"column":2},"end":{"line":29,"column":null}},"21":{"start":{"line":34,"column":12},"end":{"line":34,"column":null}},"22":{"start":{"line":35,"column":15},"end":{"line":35,"column":null}},"23":{"start":{"line":36,"column":18},"end":{"line":36,"column":null}},"24":{"start":{"line":37,"column":16},"end":{"line":37,"column":null}},"25":{"start":{"line":38,"column":15},"end":{"line":38,"column":null}},"26":{"start":{"line":40,"column":2},"end":{"line":40,"column":null}},"27":{"start":{"line":40,"column":19},"end":{"line":40,"column":null}},"28":{"start":{"line":41,"column":2},"end":{"line":41,"column":null}},"29":{"start":{"line":41,"column":20},"end":{"line":41,"column":null}},"30":{"start":{"line":42,"column":2},"end":{"line":42,"column":null}},"31":{"start":{"line":42,"column":18},"end":{"line":42,"column":null}},"32":{"start":{"line":43,"column":2},"end":{"line":43,"column":null}},"33":{"start":{"line":43,"column":17},"end":{"line":43,"column":null}},"34":{"start":{"line":44,"column":2},"end":{"line":44,"column":null}},"35":{"start":{"line":49,"column":19},"end":{"line":55,"column":null}},"36":{"start":{"line":56,"column":2},"end":{"line":59,"column":null}},"37":{"start":{"line":57,"column
[...]
":114,"column":8},"end":{"line":114,"column":97}},"type":"binary-expr","locations":[{"start":{"line":114,"column":8},"end":{"line":114,"column":22}},{"start":{"line":114,"column":22},"end":{"line":114,"column":34}},{"start":{"line":114,"column":34},"end":{"line":114,"column":47}},{"start":{"line":114,"column":47},"end":{"line":114,"column":69}},{"start":{"line":114,"column":69},"end":{"line":114,"column":97}}]},"10":{"loc":{"start":{"line":121,"column":8},"end":{"line":122,"column":null}},"type":"binary-expr","locations":[{"start":{"line":121,"column":8},"end":{"line":121,"column":14}},{"start":{"line":121,"column":18},"end":{"line":121,"column":27}},{"start":{"line":121,"column":31},"end":{"line":121,"column":null}},{"start":{"line":122,"column":8},"end":{"line":122,"column":null}}]},"11":{"loc":{"start":{"line":125,"column":6},"end":{"line":152,"column":null}},"type":"if","locations":[{"start":{"line":125,"column":6},"end":{"line":152,"column":null}},{"start":{"line":144,"column":13},"end":{"line":152,"column":null}}]},"12":{"loc":{"start":{"line":131,"column":8},"end":{"line":132,"column":null}},"type":"if","locations":[{"start":{"line":131,"column":8},"end":{"line":132,"column":null}},{"start":{"line":132,"column":13},"end":{"line":132,"column":null}}]},"13":{"loc":{"start":{"line":132,"column":13},"end":{"line":132,"column":null}},"type":"if","locations":[{"start":{"line":132,"column":13},"end":{"line":132,"column":null}},{"start":{},"end":{}}]},"14":{"loc":{"start":{"line":134,"column":27},"end":{"line":134,"column":null}},"type":"cond-expr","locations":[{"start":{"line":134,"column":51},"end":{"line":134,"column":57}},{"start":{"line":134,"column":57},"end":{"line":134,"column":null}}]},"15":{"loc":{"start":{"line":134,"column":57},"end":{"line":134,"column":null}},"type":"cond-expr","locations":[{"start":{"line":134,"column":79},"end":{"line":134,"column":84}},{"start":{"line":134,"column":84},"end":{"line":134,"column":null}}]},"16":{"loc":{"start":{"line":143,"column":36},"end":{"line":143,"column":null}},"type":"cond-expr","locations":[{"start":{"line":143,"column":53},"end":{"line":143,"column":75}},{"start":{"line":143,"column":75},"end":{"line":143,"column":null}}]},"17":{"loc":{"start":{"line":160,"column":6},"end":{"line":160,"column":null}},"type":"if","locations":[{"start":{"line":160,"column":6},"end":{"line":160,"column":null}},{"start":{},"end":{}}]},"18":{"loc":{"start":{"line":167,"column":4},"end":{"line":167,"column":null}},"type":"if","locations":[{"start":{"line":167,"column":4},"end":{"line":167,"column":null}},{"start":{},"end":{}}]},"19":{"loc":{"start":{"line":167,"column":8},"end":{"line":167,"column":62}},"type":"binary-expr","locations":[{"start":{"line":167,"column":8},"end":{"line":167,"column":22}},{"start":{"line":167,"column":22},"end":{"line":167,"column":39}},{"start":{"line":167,"column":39},"end":{"line":167,"column":51}},{"start":{"line":167,"column":51},"end":{"line":167,"column":62}}]},"20":{"loc":{"start":{"line":169,"column":4},"end":{"line":171,"column":null}},"type":"if","locations":[{"start":{"line":169,"column":4},"end":{"line":171,"column":null}},{"start":{},"end":{}}]},"21":{"loc":{"start":{"line":179,"column":8},"end":{"line":182,"column":null}},"type":"if","locations":[{"start":{"line":179,"column":8},"end":{"line":182,"column":null}},{"start":{},"end":{}}]},"22":{"loc":{"start":{"line":179,"column":12},"end":{"line":179,"column":101}},"type":"binary-expr","locations":[{"start":{"line":179,"column":12},"end":{"line":179,"column":18}},{"start":{"line":179,"column":22},"end":{"line":179,"column":31}},{"start":{"line":179,"column":35},"end":{"line":179,"column":48}},{"start":{"line":179,"column":48},"end":{"line":179,"column":101}}]},"23":{"loc":{"start":{"line":186,"column":6},"end":{"line":200,"column":null}},"type":"if","locations":[{"start":{"line":186,"column":6},"end":{"line":200,"column":null}},{"start":{"line":190,"column":13},"end":{"line":200,"column":null}}]},"24":{"loc":{"start":{"line":191,"column":45},"end":{"line":191,"column":62}},"type":"binary-expr","locations":[{"start":{"line":191,"column":45},"end":{"line":191,"column":50}},{"start":{"line":191,"column":54},"end":{"line":191,"column":62}}]},"25":{"loc":{"start":{"line":192,"column":8},"end":{"line":199,"column":null}},"type":"if","locations":[{"start":{"line":192,"column":8},"end":{"line":199,"column":null}},{"start":{},"end":{}}]},"26":{"loc":{"start":{"line":192,"column":12},"end":{"line":192,"column":58}},"type":"binary-expr","locations":[{"start":{"line":192,"column":12},"end":{"line":192,"column":28}},{"start":{"line":192,"column":28},"end":{"line":192,"column":41}},{"start":{"line":192,"column":41},"end":{"line":192,"column":58}}]},"27":{"loc":{"start":{"line":194,"column":11},"end":{"line":198,"column":null}},"type":"if","locations":[{"start":{"line":194,"column":11},"end":{"line":198,"column":null}},{"start":{},"end":{}}]},"28":{"loc":{"start":{"line":204,"column":4},"end":{"line":206,"column":null}},"type":"if","locations":[{"start":{"line":204,"column":4},"end":{"line":206,"column":null}},{"start":{},"end":{}}]},"29":{"loc":{"start":{"line":204,"column":8},"end":{"line":204,"column":33}},"type":"binary-expr","locations":[{"start":{"line":204,"column":8},"end":{"line":204,"column":21}},{"start":{"line":204,"column":21},"end":{"line":204,"column":33}}]},"30":{"loc":{"start":{"line":210,"column":4},"end":{"line":212,"column":null}},"type":"if","locations":[{"start":{"line":210,"column":4},"end":{"line":212,"column":null}},{"start":{},"end":{}}]},"31":{"loc":{"start":{"line":210,"column":8},"end":{"line":210,"column":46}},"type":"binary-expr","locations":[{"start":{"line":210,"column":8},"end":{"line":210,"column":21}},{"start":{"line":210,"column":21},"end":{"line":210,"column":34}},{"start":{"line":210,"column":34},"end":{"line":210,"column":46}}]},"32":{"loc":{"start":{"line":213,"column":19},"end":{"line":213,"column":84}},"type":"if","locations":[{"start":{"line":213,"column":19},"end":{"line":213,"column":84}},{"start":{},"end":{}}]},"33":{"loc":{"start":{"line":217,"column":4},"end":{"line":217,"column":null}},"type":"if","locations":[{"start":{"line":217,"column":4},"end":{"line":217,"column":null}},{"start":{},"end":{}}]},"34":{"loc":{"start":{"line":227,"column":42},"end":{"line":227,"column":64}},"type":"default-arg","locations":[{"start":{"line":227,"column":63},"end":{"line":227,"column":64}}]},"35":{"loc":{"start":{"line":241,"column":4},"end":{"line":241,"column":null}},"type":"if","locations":[{"start":{"line":241,"column":4},"end":{"line":241,"column":null}},{"start":{},"end":{}}]},"36":{"loc":{"start":{"line":242,"column":4},"end":{"line":250,"column":null}},"type":"if","locations":[{"start":{"line":242,"column":4},"end":{"line":250,"column":null}},{"start":{"line":244,"column":11},"end":{"line":250,"column":null}}]},"37":{"loc":{"start":{"line":247,"column":8},"end":{"line":249,"column":null}},"type":"if","locations":[{"start":{"line":247,"column":8},"end":{"line":249,"column":null}},{"start":{},"end":{}}]},"38":{"loc":{"start":{"line":254,"column":4},"end":{"line":254,"column":null}},"type":"if","locations":[{"start":{"line":254,"column":4},"end":{"line":254,"column":null}},{"start":{},"end":{}}]},"39":{"loc":{"start":{"line":256,"column":4},"end":{"line":263,"column":null}},"type":"if","locations":[{"start":{"line":256,"column":4},"end":{"line":263,"column":null}},{"start":{"line":258,"column":11},"end":{"line":263,"column":null}}]},"40":{"loc":{"start":{"line":257,"column":50},"end":{"line":257,"column":79}},"type":"cond-expr","locations":[{"start":{"line":257,"column":63},"end":{"line":257,"column":71}},{"start":{"line":257,"column":71},"end":{"line":257,"column":79}}]},"41":{"loc":{"start":{"line":268,"column":4},"end":{"line":268,"column":null}},"type":"if","locations":[{"start":{"line":268,"column":4},"end":{"line":268,"column":null}},{"start":{},"end":{}}]},"42":{"loc":{"start":{"line":276,"column":21},"end":{"line":276,"column":null}},"type":"cond-expr","locations":[{"start":{"line":276,"column":50},"end":{"line":276,"column":54}},{"start":{"line":276,"column":54},"end":{"line":276,"column":null}}]},"43":{"loc":{"start":{"line":277,"column":20},"end":{"line":277,"column":null}},"type":"binary-expr","locations":[{"start":{"line":277,"column":20},"end":{"line":277,"column":43}},{"start":{"line":277,"column":43},"end":{"line":277,"column":null}}]},"44":{"loc":{"start":{"line":278,"column":25},"end":{"line":278,"column":null}},"type":"binary-expr","locations":[{"start":{"line":278,"column":25},"end":{"line":278,"column":53}},{"start":{"line":278,"column":53},"end":{"line":278,"column":null}}]},"45":{"loc":{"start":{"line":280,"column":2},"end":{"line":373,"column":null}},"type":"if","locations":[{"start":{"line":280,"column":2},"end":{"line":373,"column":null}},{"start":{},"end":{}}]},"46":{"loc":{"start":{"line":280,"column":6},"end":{"line":280,"column":46}},"type":"binary-expr","locations":[{"start":{"line":280,"column":6},"end":{"line":280,"column":23}},{"start":{"line":280,"column":23},"end":{"line":280,"column":35}},{"start":{"line":280,"column":35},"end":{"line":280,"column":46}}]},"47":{"loc":{"start":{"line":281,"column":26},"end":{"line":281,"column":null}},"type":"binary-expr","locations":[{"start":{"line":281,"column":26},"end":{"line":281,"column":43}},{"start":{"line":281,"column":43},"end":{"line":281,"column":63}},{"start":{"line":281,"column":63},"end":{"line":281,"column":null}}]},"48":{"loc":{"start":{"line":282,"column":27},"end":{"line":282,"column":null}},"type":"binary-expr","locations":[{"start":{"line":282,"column":27},"end":{"line":282,"column":40}},{"start":{"line":282,"column":40},"end":{"line":282,"column":null}}]},"49":{"loc":{"start":{"line":303,"column":24},"end":{"line":305,"column":null}},"type":"cond-expr","locations":[{"start":{"line":304,"column":30},"end":{"line":304,"column":null}},{"start":{"line":305,"column":30},"end":{"line":305,"column":null}}]},"50":{"loc":{"start":{"line":314,"column":101},"end":{"line":314,"column":null}},"type":"cond-expr","locations":[{"start":{"line":314,"column":123},"end":{"line":314,"column":169}},{"start":{"line":314,"column":169},"end":{"line":314,"column":null}}]},"51":{"loc":{"start":{"line":329,"column":18},"end":{"line":329,"column":30}},"type":"binary-expr","locations":[{"start":{"line":329,"column":18},"end":{"line":329,"column":30}},{"start":{"line":329,"column":30},"end":{"line":329,"column":38}}]},"52":{"loc":{"start":{"line":335,"column":28},"end":{"line":335,"column":null}},"type":"cond-expr","locations":[{"start":{"line":335,"column":40},"end":{"line":335,"column":122}},{"start":{"line":335,"column":122},"end":{"line":335,"column":null}}]},"53":{"loc":{"start":{"line":340,"column":28},"end":{"line":340,"column":null}},"type":"cond-expr","locations":[{"start":{"line":340,"column":40},"end":{"line":340,"column":63}},{"start":{"line":340,"column":63},"end":{"line":340,"column":null}}]},"54":{"loc":{"start":{"line":342,"column":29},"end":{"line":342,"column":null}},"type":"cond-expr","locations":[{"start":{"line":342,"column":41},"end":{"line":342,"column":82}},{"start":{"line":342,"column":85},"end":{"line":342,"column":null}}]},"55":{"loc":{"start":{"line":344,"column":77},"end":{"line":344,"column":null}},"type":"cond-expr","locations":[{"start":{"line":344,"column":90},"end":{"line":344,"column":136}},{"start":{"line":344,"column":136},"end":{"line":344,"column":null}}]},"56":{"loc":{"start":{"line":344,"column":90},"end":{"line":344,"column":136}},"type":"cond-expr","locations":[{"start":{"line":344,"column":107},"end":{"line":344,"column":121}},{"start":{"line":344,"column":121},"end":{"line":344,"column":136}}]},"57":{"loc":{"start":{"line":347,"column":29},"end":{"line":347,"column":47}},"type":"binary-expr","locations":[{"start":{"line":347,"column":29},"end":{"line":347,"column":47}}]},"58":{"loc":{"start":{"line":350,"column":29},"end":{"line":350,"column":42}},"type":"binary-expr","locations":[{"start":{"line":350,"column":29},"end":{"line":350,"column":42}},{"start":{"line":350,"column":42},"end":{"line":350,"column":null}}]},"59":{"loc":{"start":{"line":355,"column":51},"end":{"line":355,"column":115}},"type":"binary-expr","locations":[{"start":{"line":355,"column":51},"end":{"line":355,"column":67}},{"start":{"line":355,"column":67},"end":{"line":355,"column":115}}]},"60":{"loc":{"start":{"line":362,"column":17},"end":{"line":363,"column":null}},"type":"binary-expr","locations":[{"start":{"line":362,"column":17},"end":{"line":362,"column":null}},{"start":{"line":363,"column":20},"end":{"line":363,"column":null}}]},"61":{"loc":{"start":{"line":386,"column":17},"end":{"line":386,"column":null}},"type":"binary-expr","locations":[{"start":{"line":386,"column":17},"end":{"line":386,"column":null}}]},"62":{"loc":{"start":{"line":389,"column":44},"end":{"line":389,"column":85}},"type":"cond-expr","locations":[{"start":{"line":389,"column":74},"end":{"line":389,"column":80}},{"start":{"line":389,"column":80},"end":{"line":389,"column":85}}]},"63":{"loc":{"start":{"line":393,"column":27},"end":{"line":393,"column":null}},"type":"cond-expr","locations":[{"start":{"line":393,"column":57},"end":{"line":393,"column":72}},{"start":{"line":393,"column":72},"end":{"line":393,"column":null}}]},"64":{"loc":{"start":{"line":399,"column":31},"end":{"line":399,"column":69}},"type":"binary-expr","locations":[{"start":{"line":399,"column":31},"end":{"line":399,"column":50}},{"start":{"line":399,"column":50},"end":{"line":399,"column":56}},{"start":{"line":399,"column":60},"end":{"line":399,"column":69}}]},"65":{"loc":{"start":{"line":401,"column":16},"end":{"line":401,"column":null}},"type":"if","locations":[{"start":{"line":401,"column":16},"end":{"line":401,"column":null}},{"start":{},"end":{}}]},"66":{"loc":{"start":{"line":401,"column":20},"end":{"line":401,"column":45}},"type":"binary-expr","locations":[{"start":{"line":401,"column":20},"end":{"line":401,"column":33}},{"start":{"line":401,"column":33},"end":{"line":401,"column":45}}]},"67":{"loc":{"start":{"line":405,"column":35},"end":{"line":408,"column":null}},"type":"binary-expr","locations":[{"start":{"line":405,"column":35},"end":{"line":408,"column":null}},{"start":{"line":408,"column":28},"end":{"line":408,"column":null}}]},"68":{"loc":{"start":{"line":432,"column":24},"end":{"line":432,"column":null}},"type":"cond-expr","locations":[{"start":{"line":432,"column":47},"end":{"line":432,"column":67}},{"start":{"line":432,"column":67},"end":{"line":432,"column":null}}]},"69":{"loc":{"start":{"line":432,"column":67},"end":{"line":432,"column":null}},"type":"cond-expr","locations":[{"start":{"line":432,"column":88},"end":{"line":432,"column":107}},{"start":{"line":432,"column":107},"end":{"line":432,"column":null}}]},"70":{"loc":{"start":{"line":432,"column":107},"end":{"line":432,"column":null}},"type":"cond-expr","locations":[{"start":{"line":432,"column":127},"end":{"line":432,"column":154}},{"start":{"line":432,"column":154},"end":{"line":432,"column":null}}]},"71":{"loc":{"start":{"line":442,"column":9},"end":{"line":444,"column":null}},"type":"binary-expr","locations":[{"start":{"line":442,"column":9},"end":{"line":442,"column":null}},{"start":{"line":443,"column":10},"end":{"line":444,"column":null}}]},"72":{"loc":{"start":{"line":462,"column":21},"end":{"line":462,"column":null}},"type":"cond-expr","locations":[{"start":{"line":462,"column":39},"end":{"line":462,"column":47}},{"start":{"line":462,"column":47},"end":{"line":462,"column":null}}]},"73":{"loc":{"start":{"line":483,"column":20},"end":{"line":483,"column":null}},"type":"cond-expr","locations":[{"start":{"line":483,"column":32},"end":{"line":483,"column":49}},{"start":{"line":483,"column":49},"end":{"line":483,"column":null}}]},"74":{"loc":{"start":{"line":488,"column":15},"end":{"line":488,"column":31}},"type":"binary-expr","locations":[{"start":{"line":488,"column":15},"end":{"line":488,"column":31}}]},"75":{"loc":{"start":{"line":495,"column":15},"end":{"line":495,"column":null}},"type":"binary-expr","locations":[{"start":{"line":495,"column":15},"end":{"line":495,"column":null}}]},"76":{"loc":{"start":{"line":504,"column":26},"end":{"line":506,"column":null}},"type":"binary-expr","locations":[{"start":{"line":504,"column":26},"end":{"line":506,"column":null}},{"start":{"line":506,"column":66},"end":{"line":506,"column":null}}]},"77":{"loc":{"start":{"line":506,"column":14},"end":{"line":506,"column":null}},"type":"cond-expr","locations":[{"start":{"line":506,"column":35},"end":{"line":506,"column":66}},{"start":{"line":506,"column":66},"end":{"line":506,"column":null}}]},"78":{"loc":{"start":{"line":508,"column":15},"end":{"line":508,"column":null}},"type":"cond-expr","locations":[{"start":{"line":508,"column":36},"end":{"line":508,"column":49}},{"start":{"line":508,"column":49},"end":{"line":508,"column":null}}]}},"s":{"0":0,"1":0,"2":0,"3":0,"4":0,"5":0,"6":0,"7":0,"8":0,"9":0,"10":0,"11":0,"12":0,"13":0,"14":0,"15":0,"16":0,"17":0,"18":0,"19":0,"20":0,"21":0,"22":0,"23":0,"24":0,"25":0,"26":0,"27":0,"28":0,"29":0,"30":0,"31":0,"32":0,"33":0,"34":0,"35":0,"36":0,"37":0,"38":0,"39":0,"40":0,"41":0,"42":0,"43":0,"44":0,"45":0,"46":0,"47":0,"48":0,"49":0,"50":0,"51":0,"52":0,"53":0,"54":0,"55":0,"56":0,"57":0,"58":0,"59":0,"60":0,"61":0,"62":0,"63":0,"64":0,"65":0,"66":0,"67":0,"68":0,"69":0,"70":0,"71":0,"72":0,"73":0,"74":0,"75":0,"76":0,"77":0,"78":0,"79":0,"80":0,"81":0,"82":0,"83":0,"84":0,"85":0,"86":0,"87":0,"88":0,"89":0,"90":0,"91":0,"92":0,"93":0,"94":0,"95":0,"96":0,"97":0,"98":0,"99":0,"100":0,"101":0,"102":0,"103":0,"104":0,"105":0,"106":0,"107":0,"108":0,"109":0,"110":0,"111":0,"112":0,"113":0,"114":0,"115":0,"116":0,"117":0,"118":0,"119":0,"120":0,"121":0,"122":0,"123":0,"124":0,"125":0,"126":0,"127":0,"128":0,"129":0,"130":0,"131":0,"132":0,"133":0,"134":0,"135":0,"136":0,"137":0,"138":0,"139":0,"140":0,"141":0,"142":0,"143":0,"144":0,"145":0,"146":0,"147":0,"148":0,"149":0,"150":0,"151":0,"152":0,"153":0,"154":0,"155":0,"156":0,"157":0,"158":0,"159":0,"160":0,"161":0,"162":0,"163":0,"164":0,"165":0,"166":0,"167":0,"168":0,"169":0,"170":0,"171":0,"172":0,"173":0,"174":0,"175":0,"176":0,"177":0,"178":0,"179":0,"180":0,"181":0,"182":0,"183":0,"184":0,"185":0,"186":0,"187":0,"188":0,"189":0,"190":0,"191":0,"192":0,"193":0,"194":0,"195":0,"196":0,"197":0,"198":0,"199":0,"200":0,"201":0,"202":0,"203":0,"204":0,"205":0,"206":0,"207":0,"208":0,"209":0,"210":0,"211":0,"212":0,"213":0,"214":0,"215":0,"216":0,"217":0,"218":0,"219":0,"220":0,"221":0,"222":0,"223":0,"224":0,"225":0,"226":0,"227":0,"228":0,"229":0,"230":0,"231":0,"232":0},"f":{"0":0,"1":0,"2":0,"3":0,"4":0,"5":0,"6":0,"7":0,"8":0,"9":0,"10":0,"11":0,"12":0,"13":0,"14":0,"15":0,"16":0,"17":0,"18":0,"19":0,"20":0,"21":0,"22":0,"23":0,"24":0,"25":0,"26":0,"27":0,"28":0,"29":0,"30":0,"31":0,"32":0,"33":0,"34":0,"35":0,"36":0,"37":0,"38":0,"39":0,"40":0,"41":0,"42":0,"43":0,"44":0,"45":0,"46":0,"47":0,"48":0,"49":0,"50":0,"51":0},"b":{"0":[0,0],"1":[0,0],"2":[0],"3":[0,0],"4":[0,0],"5":[0,0],"6":[0,0],"7":[0,0],"8":[0,0],"9":[0,0,0,0,0],"10":[0,0,0,0],"11":[0,0],"12":[0,0],"13":[0,0],"14":[0,0],"15":[0,0],"16":[0,0],"17":[0,0],"18":[0,0],"19":[0,0,0,0],"20":[0,0],"21":[0,0],"22":[0,0,0,0],"23":[0,0],"24":[0,0],"25":[0,0],"26":[0,0,0],"27":[0,0],"28":[0,0],"29":[0,0],"30":[0,0],"31":[0,0,0],"32":[0,0],"33":[0,0],"34":[0],"35":[0,0],"36":[0,0],"37":[0,0],"38":[0,0],"39":[0,0],"40":[0,0],"41":[0,0],"42":[0,0],"43":[0,0],"44":[0,0],"45":[0,0],"46":[0,0,0],"47":[0,0,0],"48":[0,0],"49":[0,0],"50":[0,0],"51":[0,0],"52":[0,0],"53":[0,0],"54":[0,0],"55":[0,0],"56":[0,0],"57":[0],"58":[0,0],"59":[0,0],"60":[0,0],"61":[0],"62":[0,0],"63":[0,0],"64":[0,0,0],"65":[0,0],"66":[0,0],"67":[0,0],"68":[0,0],"69":[0,0],"70":[0,0],"71":[0,0],"72":[0,0],"73":[0,0],"74":[0],"75":[0],"76":[0,0],"77":[0,0],"78":[0,0]}}}}
